#
# There is insufficient memory for the Java Runtime Environment to continue.
# Native memory allocation (malloc) failed to allocate 842880 bytes for Chunk::new
# Possible reasons:
#   The system is out of physical RAM or swap space
#   The process is running with CompressedOops enabled, and the Java Heap may be blocking the growth of the native heap
# Possible solutions:
#   Reduce memory load on the system
#   Increase physical memory or swap space
#   Check if swap backing store is full
#   Decrease Java heap size (-Xmx/-Xms)
#   Decrease number of Java threads
#   Decrease Java thread stack sizes (-Xss)
#   Set larger code cache with -XX:ReservedCodeCacheSize=
#   JVM is running with Zero Based Compressed Oops mode in which the Java heap is
#     placed in the first 32GB address space. The Java Heap base address is the
#     maximum limit for the native heap growth. Please use -XX:HeapBaseMinAddress
#     to set the Java Heap base and to place the Java Heap above 32GB virtual address.
# This output file may be truncated or incomplete.
#
#  Out of Memory Error (arena.cpp:168), pid=12700, tid=45096
#
# JRE version: Java(TM) SE Runtime Environment (21.0.1+12) (build 21.0.1+12-LTS-29)
# Java VM: Java HotSpot(TM) 64-Bit Server VM (21.0.1+12-LTS-29, mixed mode, sharing, tiered, compressed oops, compressed class ptrs, g1 gc, windows-amd64)
# No core dump will be written. Minidumps are not enabled by default on client versions of Windows
#

---------------  S U M M A R Y ------------

Command Line: -Dfile.encoding=UTF-8 --module-path=C:\Users\svari\OneDrive\Documents\NetBeansProjects\Week 2 - SRamirez LandscapingGUI\build\classes LandscapeGUI

Host: AMD Ryzen 7 6800H with Radeon Graphics         , 6 cores, 15G,  Windows 11 , 64 bit Build 22621 (10.0.22621.3085)
Time: Sun Jan 28 16:22:46 2024 Eastern Standard Time elapsed time: 8.058794 seconds (0d 0h 0m 8s)

---------------  T H R E A D  ---------------

Current thread (0x0000021afda32100):  JavaThread "C2 CompilerThread1" daemon [_thread_in_native, id=45096, stack(0x000000cec5c00000,0x000000cec5d00000) (1024K)]


Current CompileTask:
C2:   8058 2211       4       sun.java2d.marlin.MarlinTileGenerator::getAlphaRLE (1749 bytes)

Stack: [0x000000cec5c00000,0x000000cec5d00000]
Native frames: (J=compiled Java code, j=interpreted, Vv=VM code, C=native code)
V  [jvm.dll+0x6c9029]
V  [jvm.dll+0x854b81]
V  [jvm.dll+0x856e5e]
V  [jvm.dll+0x857543]
V  [jvm.dll+0x280c06]
V  [jvm.dll+0xc3ead]
V  [jvm.dll+0xc43c3]
V  [jvm.dll+0x3b576c]
V  [jvm.dll+0x1e20b9]
V  [jvm.dll+0x249c22]
V  [jvm.dll+0x2490b1]
V  [jvm.dll+0x1c9ca1]
V  [jvm.dll+0x2586b9]
V  [jvm.dll+0x256c9a]
V  [jvm.dll+0x3ef1b6]
V  [jvm.dll+0x7fd728]
V  [jvm.dll+0x6c777d]
C  [ucrtbase.dll+0x29363]
C  [KERNEL32.DLL+0x1257d]
C  [ntdll.dll+0x5aa58]


---------------  P R O C E S S  ---------------

Threads class SMR info:
_java_thread_list=0x0000021a86fb7cb0, length=18, elements={
0x0000021aaf246b50, 0x0000021aaf247f80, 0x0000021aaf249990, 0x0000021aaf24ac90,
0x0000021aaf24b8a0, 0x0000021aaf24f600, 0x0000021aaf25e0d0, 0x0000021aaf262b80,
0x0000021aaf42a9f0, 0x0000021aaf5293e0, 0x0000021aaf6aff70, 0x0000021aaf6bc620,
0x0000021aaf6bd580, 0x0000021af8162ec0, 0x0000021a8e639a70, 0x0000021a8722f1e0,
0x0000021a873781d0, 0x0000021afda32100
}

Java Threads: ( => current thread )
  0x0000021aaf246b50 JavaThread "Reference Handler"          daemon [_thread_blocked, id=40764, stack(0x000000cec4400000,0x000000cec4500000) (1024K)]
  0x0000021aaf247f80 JavaThread "Finalizer"                  daemon [_thread_blocked, id=45404, stack(0x000000cec4500000,0x000000cec4600000) (1024K)]
  0x0000021aaf249990 JavaThread "Signal Dispatcher"          daemon [_thread_blocked, id=6248, stack(0x000000cec4600000,0x000000cec4700000) (1024K)]
  0x0000021aaf24ac90 JavaThread "Attach Listener"            daemon [_thread_blocked, id=16148, stack(0x000000cec4700000,0x000000cec4800000) (1024K)]
  0x0000021aaf24b8a0 JavaThread "Service Thread"             daemon [_thread_blocked, id=43500, stack(0x000000cec4800000,0x000000cec4900000) (1024K)]
  0x0000021aaf24f600 JavaThread "Monitor Deflation Thread"   daemon [_thread_blocked, id=40220, stack(0x000000cec4900000,0x000000cec4a00000) (1024K)]
  0x0000021aaf25e0d0 JavaThread "C2 CompilerThread0"         daemon [_thread_blocked, id=39764, stack(0x000000cec4a00000,0x000000cec4b00000) (1024K)]
  0x0000021aaf262b80 JavaThread "C1 CompilerThread0"         daemon [_thread_blocked, id=41484, stack(0x000000cec4b00000,0x000000cec4c00000) (1024K)]
  0x0000021aaf42a9f0 JavaThread "Common-Cleaner"             daemon [_thread_blocked, id=6728, stack(0x000000cec4c00000,0x000000cec4d00000) (1024K)]
  0x0000021aaf5293e0 JavaThread "Notification Thread"        daemon [_thread_blocked, id=11396, stack(0x000000cec4d00000,0x000000cec4e00000) (1024K)]
  0x0000021aaf6aff70 JavaThread "Java2D Disposer"            daemon [_thread_blocked, id=20068, stack(0x000000cec4e00000,0x000000cec4f00000) (1024K)]
  0x0000021aaf6bc620 JavaThread "AWT-Shutdown"                      [_thread_blocked, id=38272, stack(0x000000cec4f00000,0x000000cec5000000) (1024K)]
  0x0000021aaf6bd580 JavaThread "AWT-Windows"                daemon [_thread_in_native, id=45940, stack(0x000000cec5000000,0x000000cec5100000) (1024K)]
  0x0000021af8162ec0 JavaThread "AWT-EventQueue-0"                  [_thread_in_native, id=19936, stack(0x000000cec5100000,0x000000cec5200000) (1024K)]
  0x0000021a8e639a70 JavaThread "DestroyJavaVM"                     [_thread_blocked, id=26568, stack(0x000000cec3c00000,0x000000cec3d00000) (1024K)]
  0x0000021a8722f1e0 JavaThread "D3D Screen Updater"         daemon [_thread_blocked, id=5940, stack(0x000000cec5600000,0x000000cec5700000) (1024K)]
  0x0000021a873781d0 JavaThread "TimerQueue"                 daemon [_thread_blocked, id=21432, stack(0x000000cec5b00000,0x000000cec5c00000) (1024K)]
=>0x0000021afda32100 JavaThread "C2 CompilerThread1"         daemon [_thread_in_native, id=45096, stack(0x000000cec5c00000,0x000000cec5d00000) (1024K)]
Total: 18

Other Threads:
  0x0000021aaf22c990 VMThread "VM Thread"                           [id=44300, stack(0x000000cec4300000,0x000000cec4400000) (1024K)]
  0x0000021aaf217110 WatcherThread "VM Periodic Task Thread"        [id=20452, stack(0x000000cec4200000,0x000000cec4300000) (1024K)]
  0x0000021a908da1e0 WorkerThread "GC Thread#0"                     [id=6996, stack(0x000000cec3d00000,0x000000cec3e00000) (1024K)]
  0x0000021a908ea670 ConcurrentGCThread "G1 Main Marker"            [id=21708, stack(0x000000cec3e00000,0x000000cec3f00000) (1024K)]
  0x0000021a908eb810 WorkerThread "G1 Conc#0"                       [id=46304, stack(0x000000cec3f00000,0x000000cec4000000) (1024K)]
  0x0000021aaf0e43a0 ConcurrentGCThread "G1 Refine#0"               [id=1816, stack(0x000000cec4000000,0x000000cec4100000) (1024K)]
  0x0000021aaf0e5e20 ConcurrentGCThread "G1 Service"                [id=42492, stack(0x000000cec4100000,0x000000cec4200000) (1024K)]
Total: 7

Threads with active compile tasks:
C2 CompilerThread1     8085 2211       4       sun.java2d.marlin.MarlinTileGenerator::getAlphaRLE (1749 bytes)
Total: 1

VM state: not at safepoint (normal execution)

VM Mutex/Monitor currently owned by a thread: None

Heap address: 0x000000070c000000, size: 3904 MB, Compressed Oops mode: Zero based, Oop shift amount: 3

CDS archive(s) mapped at: [0x0000021ab0000000-0x0000021ab0c90000-0x0000021ab0c90000), size 13172736, SharedBaseAddress: 0x0000021ab0000000, ArchiveRelocationMode: 1.
Compressed class space mapped at: 0x0000021ab1000000-0x0000021af1000000, reserved size: 1073741824
Narrow klass base: 0x0000021ab0000000, Narrow klass shift: 0, Narrow klass range: 0x100000000

GC Precious Log:
 CardTable entry size: 512
 Card Set container configuration: InlinePtr #cards 4 size 8 Array Of Cards #cards 16 size 48 Howl #buckets 8 coarsen threshold 3686 Howl Bitmap #cards 512 size 80 coarsen threshold 460 Card regions per heap region 1 cards per card region 4096
 CPUs: 6 total, 6 available
 Memory: 15613M
 Large Page Support: Disabled
 NUMA Support: Disabled
 Compressed Oops: Enabled (Zero based)
 Heap Region Size: 2M
 Heap Min Capacity: 8M
 Heap Initial Capacity: 244M
 Heap Max Capacity: 3904M
 Pre-touch: Disabled
 Parallel Workers: 6
 Concurrent Workers: 2
 Concurrent Refinement Workers: 6
 Periodic GC: Disabled

Heap:
 garbage-first heap   total 249856K, used 16384K [0x000000070c000000, 0x0000000800000000)
  region size 2048K, 10 young (20480K), 0 survivors (0K)
 Metaspace       used 12681K, committed 12928K, reserved 1114112K
  class space    used 1337K, committed 1472K, reserved 1048576K

Heap Regions: E=young(eden), S=young(survivor), O=old, HS=humongous(starts), HC=humongous(continues), CS=collection set, F=free, TAMS=top-at-mark-start, PB=parsable bottom
|   0|0x000000070c000000, 0x000000070c000000, 0x000000070c200000|  0%| F|  |TAMS 0x000000070c000000| PB 0x000000070c000000| Untracked 
|   1|0x000000070c200000, 0x000000070c200000, 0x000000070c400000|  0%| F|  |TAMS 0x000000070c200000| PB 0x000000070c200000| Untracked 
|   2|0x000000070c400000, 0x000000070c400000, 0x000000070c600000|  0%| F|  |TAMS 0x000000070c400000| PB 0x000000070c400000| Untracked 
|   3|0x000000070c600000, 0x000000070c600000, 0x000000070c800000|  0%| F|  |TAMS 0x000000070c600000| PB 0x000000070c600000| Untracked 
|   4|0x000000070c800000, 0x000000070c800000, 0x000000070ca00000|  0%| F|  |TAMS 0x000000070c800000| PB 0x000000070c800000| Untracked 
|   5|0x000000070ca00000, 0x000000070ca00000, 0x000000070cc00000|  0%| F|  |TAMS 0x000000070ca00000| PB 0x000000070ca00000| Untracked 
|   6|0x000000070cc00000, 0x000000070cc00000, 0x000000070ce00000|  0%| F|  |TAMS 0x000000070cc00000| PB 0x000000070cc00000| Untracked 
|   7|0x000000070ce00000, 0x000000070ce00000, 0x000000070d000000|  0%| F|  |TAMS 0x000000070ce00000| PB 0x000000070ce00000| Untracked 
|   8|0x000000070d000000, 0x000000070d000000, 0x000000070d200000|  0%| F|  |TAMS 0x000000070d000000| PB 0x000000070d000000| Untracked 
|   9|0x000000070d200000, 0x000000070d200000, 0x000000070d400000|  0%| F|  |TAMS 0x000000070d200000| PB 0x000000070d200000| Untracked 
|  10|0x000000070d400000, 0x000000070d400000, 0x000000070d600000|  0%| F|  |TAMS 0x000000070d400000| PB 0x000000070d400000| Untracked 
|  11|0x000000070d600000, 0x000000070d600000, 0x000000070d800000|  0%| F|  |TAMS 0x000000070d600000| PB 0x000000070d600000| Untracked 
|  12|0x000000070d800000, 0x000000070d800000, 0x000000070da00000|  0%| F|  |TAMS 0x000000070d800000| PB 0x000000070d800000| Untracked 
|  13|0x000000070da00000, 0x000000070da00000, 0x000000070dc00000|  0%| F|  |TAMS 0x000000070da00000| PB 0x000000070da00000| Untracked 
|  14|0x000000070dc00000, 0x000000070dc00000, 0x000000070de00000|  0%| F|  |TAMS 0x000000070dc00000| PB 0x000000070dc00000| Untracked 
|  15|0x000000070de00000, 0x000000070de00000, 0x000000070e000000|  0%| F|  |TAMS 0x000000070de00000| PB 0x000000070de00000| Untracked 
|  16|0x000000070e000000, 0x000000070e000000, 0x000000070e200000|  0%| F|  |TAMS 0x000000070e000000| PB 0x000000070e000000| Untracked 
|  17|0x000000070e200000, 0x000000070e200000, 0x000000070e400000|  0%| F|  |TAMS 0x000000070e200000| PB 0x000000070e200000| Untracked 
|  18|0x000000070e400000, 0x000000070e400000, 0x000000070e600000|  0%| F|  |TAMS 0x000000070e400000| PB 0x000000070e400000| Untracked 
|  19|0x000000070e600000, 0x000000070e600000, 0x000000070e800000|  0%| F|  |TAMS 0x000000070e600000| PB 0x000000070e600000| Untracked 
|  20|0x000000070e800000, 0x000000070e800000, 0x000000070ea00000|  0%| F|  |TAMS 0x000000070e800000| PB 0x000000070e800000| Untracked 
|  21|0x000000070ea00000, 0x000000070ea00000, 0x000000070ec00000|  0%| F|  |TAMS 0x000000070ea00000| PB 0x000000070ea00000| Untracked 
|  22|0x000000070ec00000, 0x000000070ec00000, 0x000000070ee00000|  0%| F|  |TAMS 0x000000070ec00000| PB 0x000000070ec00000| Untracked 
|  23|0x000000070ee00000, 0x000000070ee00000, 0x000000070f000000|  0%| F|  |TAMS 0x000000070ee00000| PB 0x000000070ee00000| Untracked 
|  24|0x000000070f000000, 0x000000070f000000, 0x000000070f200000|  0%| F|  |TAMS 0x000000070f000000| PB 0x000000070f000000| Untracked 
|  25|0x000000070f200000, 0x000000070f200000, 0x000000070f400000|  0%| F|  |TAMS 0x000000070f200000| PB 0x000000070f200000| Untracked 
|  26|0x000000070f400000, 0x000000070f400000, 0x000000070f600000|  0%| F|  |TAMS 0x000000070f400000| PB 0x000000070f400000| Untracked 
|  27|0x000000070f600000, 0x000000070f600000, 0x000000070f800000|  0%| F|  |TAMS 0x000000070f600000| PB 0x000000070f600000| Untracked 
|  28|0x000000070f800000, 0x000000070f800000, 0x000000070fa00000|  0%| F|  |TAMS 0x000000070f800000| PB 0x000000070f800000| Untracked 
|  29|0x000000070fa00000, 0x000000070fa00000, 0x000000070fc00000|  0%| F|  |TAMS 0x000000070fa00000| PB 0x000000070fa00000| Untracked 
|  30|0x000000070fc00000, 0x000000070fc00000, 0x000000070fe00000|  0%| F|  |TAMS 0x000000070fc00000| PB 0x000000070fc00000| Untracked 
|  31|0x000000070fe00000, 0x000000070fe00000, 0x0000000710000000|  0%| F|  |TAMS 0x000000070fe00000| PB 0x000000070fe00000| Untracked 
|  32|0x0000000710000000, 0x0000000710000000, 0x0000000710200000|  0%| F|  |TAMS 0x0000000710000000| PB 0x0000000710000000| Untracked 
|  33|0x0000000710200000, 0x0000000710200000, 0x0000000710400000|  0%| F|  |TAMS 0x0000000710200000| PB 0x0000000710200000| Untracked 
|  34|0x0000000710400000, 0x0000000710400000, 0x0000000710600000|  0%| F|  |TAMS 0x0000000710400000| PB 0x0000000710400000| Untracked 
|  35|0x0000000710600000, 0x0000000710600000, 0x0000000710800000|  0%| F|  |TAMS 0x0000000710600000| PB 0x0000000710600000| Untracked 
|  36|0x0000000710800000, 0x0000000710800000, 0x0000000710a00000|  0%| F|  |TAMS 0x0000000710800000| PB 0x0000000710800000| Untracked 
|  37|0x0000000710a00000, 0x0000000710a00000, 0x0000000710c00000|  0%| F|  |TAMS 0x0000000710a00000| PB 0x0000000710a00000| Untracked 
|  38|0x0000000710c00000, 0x0000000710c00000, 0x0000000710e00000|  0%| F|  |TAMS 0x0000000710c00000| PB 0x0000000710c00000| Untracked 
|  39|0x0000000710e00000, 0x0000000710e00000, 0x0000000711000000|  0%| F|  |TAMS 0x0000000710e00000| PB 0x0000000710e00000| Untracked 
|  40|0x0000000711000000, 0x0000000711000000, 0x0000000711200000|  0%| F|  |TAMS 0x0000000711000000| PB 0x0000000711000000| Untracked 
|  41|0x0000000711200000, 0x0000000711200000, 0x0000000711400000|  0%| F|  |TAMS 0x0000000711200000| PB 0x0000000711200000| Untracked 
|  42|0x0000000711400000, 0x0000000711400000, 0x0000000711600000|  0%| F|  |TAMS 0x0000000711400000| PB 0x0000000711400000| Untracked 
|  43|0x0000000711600000, 0x0000000711600000, 0x0000000711800000|  0%| F|  |TAMS 0x0000000711600000| PB 0x0000000711600000| Untracked 
|  44|0x0000000711800000, 0x0000000711800000, 0x0000000711a00000|  0%| F|  |TAMS 0x0000000711800000| PB 0x0000000711800000| Untracked 
|  45|0x0000000711a00000, 0x0000000711a00000, 0x0000000711c00000|  0%| F|  |TAMS 0x0000000711a00000| PB 0x0000000711a00000| Untracked 
|  46|0x0000000711c00000, 0x0000000711c00000, 0x0000000711e00000|  0%| F|  |TAMS 0x0000000711c00000| PB 0x0000000711c00000| Untracked 
|  47|0x0000000711e00000, 0x0000000711e00000, 0x0000000712000000|  0%| F|  |TAMS 0x0000000711e00000| PB 0x0000000711e00000| Untracked 
|  48|0x0000000712000000, 0x0000000712000000, 0x0000000712200000|  0%| F|  |TAMS 0x0000000712000000| PB 0x0000000712000000| Untracked 
|  49|0x0000000712200000, 0x0000000712200000, 0x0000000712400000|  0%| F|  |TAMS 0x0000000712200000| PB 0x0000000712200000| Untracked 
|  50|0x0000000712400000, 0x0000000712400000, 0x0000000712600000|  0%| F|  |TAMS 0x0000000712400000| PB 0x0000000712400000| Untracked 
|  51|0x0000000712600000, 0x0000000712600000, 0x0000000712800000|  0%| F|  |TAMS 0x0000000712600000| PB 0x0000000712600000| Untracked 
|  52|0x0000000712800000, 0x0000000712800000, 0x0000000712a00000|  0%| F|  |TAMS 0x0000000712800000| PB 0x0000000712800000| Untracked 
|  53|0x0000000712a00000, 0x0000000712a00000, 0x0000000712c00000|  0%| F|  |TAMS 0x0000000712a00000| PB 0x0000000712a00000| Untracked 
|  54|0x0000000712c00000, 0x0000000712c00000, 0x0000000712e00000|  0%| F|  |TAMS 0x0000000712c00000| PB 0x0000000712c00000| Untracked 
|  55|0x0000000712e00000, 0x0000000712e00000, 0x0000000713000000|  0%| F|  |TAMS 0x0000000712e00000| PB 0x0000000712e00000| Untracked 
|  56|0x0000000713000000, 0x0000000713000000, 0x0000000713200000|  0%| F|  |TAMS 0x0000000713000000| PB 0x0000000713000000| Untracked 
|  57|0x0000000713200000, 0x0000000713200000, 0x0000000713400000|  0%| F|  |TAMS 0x0000000713200000| PB 0x0000000713200000| Untracked 
|  58|0x0000000713400000, 0x0000000713400000, 0x0000000713600000|  0%| F|  |TAMS 0x0000000713400000| PB 0x0000000713400000| Untracked 
|  59|0x0000000713600000, 0x0000000713600000, 0x0000000713800000|  0%| F|  |TAMS 0x0000000713600000| PB 0x0000000713600000| Untracked 
|  60|0x0000000713800000, 0x0000000713800000, 0x0000000713a00000|  0%| F|  |TAMS 0x0000000713800000| PB 0x0000000713800000| Untracked 
|  61|0x0000000713a00000, 0x0000000713a00000, 0x0000000713c00000|  0%| F|  |TAMS 0x0000000713a00000| PB 0x0000000713a00000| Untracked 
|  62|0x0000000713c00000, 0x0000000713c00000, 0x0000000713e00000|  0%| F|  |TAMS 0x0000000713c00000| PB 0x0000000713c00000| Untracked 
|  63|0x0000000713e00000, 0x0000000713e00000, 0x0000000714000000|  0%| F|  |TAMS 0x0000000713e00000| PB 0x0000000713e00000| Untracked 
|  64|0x0000000714000000, 0x0000000714000000, 0x0000000714200000|  0%| F|  |TAMS 0x0000000714000000| PB 0x0000000714000000| Untracked 
|  65|0x0000000714200000, 0x0000000714200000, 0x0000000714400000|  0%| F|  |TAMS 0x0000000714200000| PB 0x0000000714200000| Untracked 
|  66|0x0000000714400000, 0x0000000714400000, 0x0000000714600000|  0%| F|  |TAMS 0x0000000714400000| PB 0x0000000714400000| Untracked 
|  67|0x0000000714600000, 0x0000000714600000, 0x0000000714800000|  0%| F|  |TAMS 0x0000000714600000| PB 0x0000000714600000| Untracked 
|  68|0x0000000714800000, 0x0000000714800000, 0x0000000714a00000|  0%| F|  |TAMS 0x0000000714800000| PB 0x0000000714800000| Untracked 
|  69|0x0000000714a00000, 0x0000000714a00000, 0x0000000714c00000|  0%| F|  |TAMS 0x0000000714a00000| PB 0x0000000714a00000| Untracked 
|  70|0x0000000714c00000, 0x0000000714c00000, 0x0000000714e00000|  0%| F|  |TAMS 0x0000000714c00000| PB 0x0000000714c00000| Untracked 
|  71|0x0000000714e00000, 0x0000000714e00000, 0x0000000715000000|  0%| F|  |TAMS 0x0000000714e00000| PB 0x0000000714e00000| Untracked 
|  72|0x0000000715000000, 0x0000000715000000, 0x0000000715200000|  0%| F|  |TAMS 0x0000000715000000| PB 0x0000000715000000| Untracked 
|  73|0x0000000715200000, 0x0000000715200000, 0x0000000715400000|  0%| F|  |TAMS 0x0000000715200000| PB 0x0000000715200000| Untracked 
|  74|0x0000000715400000, 0x0000000715400000, 0x0000000715600000|  0%| F|  |TAMS 0x0000000715400000| PB 0x0000000715400000| Untracked 
|  75|0x0000000715600000, 0x0000000715600000, 0x0000000715800000|  0%| F|  |TAMS 0x0000000715600000| PB 0x0000000715600000| Untracked 
|  76|0x0000000715800000, 0x0000000715800000, 0x0000000715a00000|  0%| F|  |TAMS 0x0000000715800000| PB 0x0000000715800000| Untracked 
|  77|0x0000000715a00000, 0x0000000715a00000, 0x0000000715c00000|  0%| F|  |TAMS 0x0000000715a00000| PB 0x0000000715a00000| Untracked 
|  78|0x0000000715c00000, 0x0000000715c00000, 0x0000000715e00000|  0%| F|  |TAMS 0x0000000715c00000| PB 0x0000000715c00000| Untracked 
|  79|0x0000000715e00000, 0x0000000715e00000, 0x0000000716000000|  0%| F|  |TAMS 0x0000000715e00000| PB 0x0000000715e00000| Untracked 
|  80|0x0000000716000000, 0x0000000716000000, 0x0000000716200000|  0%| F|  |TAMS 0x0000000716000000| PB 0x0000000716000000| Untracked 
|  81|0x0000000716200000, 0x0000000716200000, 0x0000000716400000|  0%| F|  |TAMS 0x0000000716200000| PB 0x0000000716200000| Untracked 
|  82|0x0000000716400000, 0x0000000716400000, 0x0000000716600000|  0%| F|  |TAMS 0x0000000716400000| PB 0x0000000716400000| Untracked 
|  83|0x0000000716600000, 0x0000000716600000, 0x0000000716800000|  0%| F|  |TAMS 0x0000000716600000| PB 0x0000000716600000| Untracked 
|  84|0x0000000716800000, 0x0000000716800000, 0x0000000716a00000|  0%| F|  |TAMS 0x0000000716800000| PB 0x0000000716800000| Untracked 
|  85|0x0000000716a00000, 0x0000000716a00000, 0x0000000716c00000|  0%| F|  |TAMS 0x0000000716a00000| PB 0x0000000716a00000| Untracked 
|  86|0x0000000716c00000, 0x0000000716c00000, 0x0000000716e00000|  0%| F|  |TAMS 0x0000000716c00000| PB 0x0000000716c00000| Untracked 
|  87|0x0000000716e00000, 0x0000000716e00000, 0x0000000717000000|  0%| F|  |TAMS 0x0000000716e00000| PB 0x0000000716e00000| Untracked 
|  88|0x0000000717000000, 0x0000000717000000, 0x0000000717200000|  0%| F|  |TAMS 0x0000000717000000| PB 0x0000000717000000| Untracked 
|  89|0x0000000717200000, 0x0000000717200000, 0x0000000717400000|  0%| F|  |TAMS 0x0000000717200000| PB 0x0000000717200000| Untracked 
|  90|0x0000000717400000, 0x0000000717400000, 0x0000000717600000|  0%| F|  |TAMS 0x0000000717400000| PB 0x0000000717400000| Untracked 
|  91|0x0000000717600000, 0x0000000717600000, 0x0000000717800000|  0%| F|  |TAMS 0x0000000717600000| PB 0x0000000717600000| Untracked 
|  92|0x0000000717800000, 0x0000000717800000, 0x0000000717a00000|  0%| F|  |TAMS 0x0000000717800000| PB 0x0000000717800000| Untracked 
|  93|0x0000000717a00000, 0x0000000717a00000, 0x0000000717c00000|  0%| F|  |TAMS 0x0000000717a00000| PB 0x0000000717a00000| Untracked 
|  94|0x0000000717c00000, 0x0000000717c00000, 0x0000000717e00000|  0%| F|  |TAMS 0x0000000717c00000| PB 0x0000000717c00000| Untracked 
|  95|0x0000000717e00000, 0x0000000717e00000, 0x0000000718000000|  0%| F|  |TAMS 0x0000000717e00000| PB 0x0000000717e00000| Untracked 
|  96|0x0000000718000000, 0x0000000718000000, 0x0000000718200000|  0%| F|  |TAMS 0x0000000718000000| PB 0x0000000718000000| Untracked 
|  97|0x0000000718200000, 0x0000000718200000, 0x0000000718400000|  0%| F|  |TAMS 0x0000000718200000| PB 0x0000000718200000| Untracked 
|  98|0x0000000718400000, 0x0000000718400000, 0x0000000718600000|  0%| F|  |TAMS 0x0000000718400000| PB 0x0000000718400000| Untracked 
|  99|0x0000000718600000, 0x0000000718600000, 0x0000000718800000|  0%| F|  |TAMS 0x0000000718600000| PB 0x0000000718600000| Untracked 
| 100|0x0000000718800000, 0x0000000718800000, 0x0000000718a00000|  0%| F|  |TAMS 0x0000000718800000| PB 0x0000000718800000| Untracked 
| 101|0x0000000718a00000, 0x0000000718a00000, 0x0000000718c00000|  0%| F|  |TAMS 0x0000000718a00000| PB 0x0000000718a00000| Untracked 
| 102|0x0000000718c00000, 0x0000000718c00000, 0x0000000718e00000|  0%| F|  |TAMS 0x0000000718c00000| PB 0x0000000718c00000| Untracked 
| 103|0x0000000718e00000, 0x0000000718e00000, 0x0000000719000000|  0%| F|  |TAMS 0x0000000718e00000| PB 0x0000000718e00000| Untracked 
| 104|0x0000000719000000, 0x0000000719000000, 0x0000000719200000|  0%| F|  |TAMS 0x0000000719000000| PB 0x0000000719000000| Untracked 
| 105|0x0000000719200000, 0x0000000719200000, 0x0000000719400000|  0%| F|  |TAMS 0x0000000719200000| PB 0x0000000719200000| Untracked 
| 106|0x0000000719400000, 0x0000000719400000, 0x0000000719600000|  0%| F|  |TAMS 0x0000000719400000| PB 0x0000000719400000| Untracked 
| 107|0x0000000719600000, 0x0000000719600000, 0x0000000719800000|  0%| F|  |TAMS 0x0000000719600000| PB 0x0000000719600000| Untracked 
| 108|0x0000000719800000, 0x0000000719800000, 0x0000000719a00000|  0%| F|  |TAMS 0x0000000719800000| PB 0x0000000719800000| Untracked 
| 109|0x0000000719a00000, 0x0000000719a00000, 0x0000000719c00000|  0%| F|  |TAMS 0x0000000719a00000| PB 0x0000000719a00000| Untracked 
| 110|0x0000000719c00000, 0x0000000719c00000, 0x0000000719e00000|  0%| F|  |TAMS 0x0000000719c00000| PB 0x0000000719c00000| Untracked 
| 111|0x0000000719e00000, 0x0000000719e00000, 0x000000071a000000|  0%| F|  |TAMS 0x0000000719e00000| PB 0x0000000719e00000| Untracked 
| 112|0x000000071a000000, 0x000000071a19a220, 0x000000071a200000| 80%| E|  |TAMS 0x000000071a000000| PB 0x000000071a000000| Complete 
| 113|0x000000071a200000, 0x000000071a400000, 0x000000071a400000|100%| E|CS|TAMS 0x000000071a200000| PB 0x000000071a200000| Complete 
| 114|0x000000071a400000, 0x000000071a600000, 0x000000071a600000|100%| E|CS|TAMS 0x000000071a400000| PB 0x000000071a400000| Complete 
| 115|0x000000071a600000, 0x000000071a800000, 0x000000071a800000|100%| E|CS|TAMS 0x000000071a600000| PB 0x000000071a600000| Complete 
| 116|0x000000071a800000, 0x000000071aa00000, 0x000000071aa00000|100%| E|CS|TAMS 0x000000071a800000| PB 0x000000071a800000| Complete 
| 117|0x000000071aa00000, 0x000000071ac00000, 0x000000071ac00000|100%| E|  |TAMS 0x000000071aa00000| PB 0x000000071aa00000| Complete 
| 118|0x000000071ac00000, 0x000000071ae00000, 0x000000071ae00000|100%| E|CS|TAMS 0x000000071ac00000| PB 0x000000071ac00000| Complete 
| 119|0x000000071ae00000, 0x000000071b000000, 0x000000071b000000|100%| E|CS|TAMS 0x000000071ae00000| PB 0x000000071ae00000| Complete 
| 120|0x000000071b000000, 0x000000071b200000, 0x000000071b200000|100%| E|CS|TAMS 0x000000071b000000| PB 0x000000071b000000| Complete 
| 121|0x000000071b200000, 0x000000071b400000, 0x000000071b400000|100%| E|CS|TAMS 0x000000071b200000| PB 0x000000071b200000| Complete 

Card table byte_map: [0x0000021aa8580000,0x0000021aa8d20000] _byte_map_base: 0x0000021aa4d20000

Marking Bits: (CMBitMap*) 0x0000021a908da7e0
 Bits: [0x0000021aa8d20000, 0x0000021aaca20000)

Polling page: 0x0000021a8e860000

Metaspace:

Usage:
  Non-class:     11.09 MB used.
      Class:      1.31 MB used.
       Both:     12.39 MB used.

Virtual space:
  Non-class space:       64.00 MB reserved,      11.19 MB ( 17%) committed,  1 nodes.
      Class space:        1.00 GB reserved,       1.44 MB ( <1%) committed,  1 nodes.
             Both:        1.06 GB reserved,      12.62 MB (  1%) committed. 

Chunk freelists:
   Non-Class:  4.47 MB
       Class:  14.59 MB
        Both:  19.06 MB

MaxMetaspaceSize: unlimited
CompressedClassSpaceSize: 1.00 GB
Initial GC threshold: 21.00 MB
Current GC threshold: 21.00 MB
CDS: on
 - commit_granule_bytes: 65536.
 - commit_granule_words: 8192.
 - virtual_space_node_default_size: 8388608.
 - enlarge_chunks_in_place: 1.
 - use_allocation_guard: 0.


Internal statistics:

num_allocs_failed_limit: 0.
num_arena_births: 166.
num_arena_deaths: 0.
num_vsnodes_births: 2.
num_vsnodes_deaths: 0.
num_space_committed: 202.
num_space_uncommitted: 0.
num_chunks_returned_to_freelist: 0.
num_chunks_taken_from_freelist: 214.
num_chunk_merges: 0.
num_chunk_splits: 128.
num_chunks_enlarged: 60.
num_inconsistent_stats: 0.

CodeHeap 'non-profiled nmethods': size=120000Kb used=753Kb max_used=753Kb free=119246Kb
 bounds [0x0000021aa07a0000, 0x0000021aa0a10000, 0x0000021aa7cd0000]
CodeHeap 'profiled nmethods': size=120000Kb used=4444Kb max_used=4444Kb free=115555Kb
 bounds [0x0000021a98cd0000, 0x0000021a99130000, 0x0000021aa0200000]
CodeHeap 'non-nmethods': size=5760Kb used=1670Kb max_used=1701Kb free=4089Kb
 bounds [0x0000021aa0200000, 0x0000021aa0470000, 0x0000021aa07a0000]
 total_blobs=2997 nmethods=2281 adapters=619
 compilation: enabled
              stopped_count=0, restarted_count=0
 full_count=0

Compilation events (20 events):
Event: 8.048 Thread 0x0000021aaf262b80 2250       3       javax.swing.text.AbstractDocument$LeafElement::getEndOffset (10 bytes)
Event: 8.048 Thread 0x0000021aaf262b80 nmethod 2250 0x0000021a9910f390 code [0x0000021a9910f540, 0x0000021a9910f740]
Event: 8.048 Thread 0x0000021aaf262b80 2252       3       java.util.WeakHashMap::put (160 bytes)
Event: 8.049 Thread 0x0000021aaf262b80 nmethod 2252 0x0000021a9910f890 code [0x0000021a9910fb20, 0x0000021a99110b50]
Event: 8.049 Thread 0x0000021aaf262b80 2251       1       javax.swing.JTextArea::getUIClassID (3 bytes)
Event: 8.049 Thread 0x0000021aaf262b80 nmethod 2251 0x0000021aa085bd10 code [0x0000021aa085bea0, 0x0000021aa085bf70]
Event: 8.049 Thread 0x0000021aaf262b80 2254       3       java.util.concurrent.ConcurrentHashMap::tableSizeFor (32 bytes)
Event: 8.049 Thread 0x0000021aaf262b80 nmethod 2254 0x0000021a99111090 code [0x0000021a99111260, 0x0000021a99111478]
Event: 8.050 Thread 0x0000021aaf262b80 2255       3       javax.swing.plaf.nimbus.AbstractRegionPainter::prepare (635 bytes)
Event: 8.050 Thread 0x0000021aaf262b80 nmethod 2255 0x0000021a99111510 code [0x0000021a99111780, 0x0000021a991123d0]
Event: 8.050 Thread 0x0000021aaf25e0d0 2258       4       java.awt.image.PackedColorModel::countBits (44 bytes)
Event: 8.050 Thread 0x0000021aaf262b80 2256       3       java.awt.Dimension::getWidth (6 bytes)
Event: 8.050 Thread 0x0000021aaf262b80 nmethod 2256 0x0000021a99112690 code [0x0000021a99112820, 0x0000021a99112930]
Event: 8.051 Thread 0x0000021aaf262b80 2257       3       java.awt.Dimension::getHeight (6 bytes)
Event: 8.051 Thread 0x0000021aaf262b80 nmethod 2257 0x0000021a99112990 code [0x0000021a99112b20, 0x0000021a99112c30]
Event: 8.051 Thread 0x0000021aaf25e0d0 nmethod 2258 0x0000021aa085c010 code [0x0000021aa085c1a0, 0x0000021aa085c280]
Event: 8.051 Thread 0x0000021aaf262b80 2259       3       sun.java2d.marlin.DMarlinRenderingEngine::pathToLoop (534 bytes)
Event: 8.052 Thread 0x0000021aaf262b80 nmethod 2259 0x0000021a99112c90 code [0x0000021a99113160, 0x0000021a99114f28]
Event: 8.052 Thread 0x0000021aaf262b80 2260       3       java.util.concurrent.ConcurrentHashMap::<init> (9 bytes)
Event: 8.052 Thread 0x0000021aaf262b80 nmethod 2260 0x0000021a99115490 code [0x0000021a99115660, 0x0000021a991157b0]

GC Heap History (0 events):
No events

Dll operation events (10 events):
Event: 0.013 Loaded shared library C:\Program Files\Java\jdk-21\bin\java.dll
Event: 0.039 Loaded shared library C:\Program Files\Java\jdk-21\bin\jsvml.dll
Event: 0.061 Loaded shared library C:\Program Files\Java\jdk-21\bin\net.dll
Event: 0.063 Loaded shared library C:\Program Files\Java\jdk-21\bin\nio.dll
Event: 0.088 Loaded shared library C:\Program Files\Java\jdk-21\bin\jimage.dll
Event: 0.100 Loaded shared library C:\Program Files\Java\jdk-21\bin\awt.dll
Event: 0.183 Loaded shared library C:\Program Files\Java\jdk-21\bin\freetype.dll
Event: 0.184 Loaded shared library C:\Program Files\Java\jdk-21\bin\fontmanager.dll
Event: 0.607 Loaded shared library C:\Program Files\Java\jdk-21\bin\zip.dll
Event: 0.639 Loaded shared library C:\Program Files\Java\jdk-21\bin\javajpeg.dll

Deoptimization events (20 events):
Event: 8.006 Thread 0x0000021af8162ec0 Uncommon trap: trap_request=0xffffffbe fr.pc=0x0000021aa0850184 relative=0x0000000000000704
Event: 8.006 Thread 0x0000021af8162ec0 Uncommon trap: reason=profile_predicate action=maybe_recompile pc=0x0000021aa0850184 method=java.awt.LinearGradientPaintContext.fillRaster([IIIIIII)V @ 53 c2
Event: 8.006 Thread 0x0000021af8162ec0 DEOPT PACKING pc=0x0000021aa0850184 sp=0x000000cec51fcd50
Event: 8.006 Thread 0x0000021af8162ec0 DEOPT UNPACKING pc=0x0000021aa02546a2 sp=0x000000cec51fcd08 mode 2
Event: 8.006 Thread 0x0000021af8162ec0 Uncommon trap: trap_request=0xffffffbe fr.pc=0x0000021aa083e2e8 relative=0x0000000000000868
Event: 8.006 Thread 0x0000021af8162ec0 Uncommon trap: reason=profile_predicate action=maybe_recompile pc=0x0000021aa083e2e8 method=java.awt.LinearGradientPaintContext.fillRaster([IIIIIII)V @ 50 c2
Event: 8.006 Thread 0x0000021af8162ec0 DEOPT PACKING pc=0x0000021aa083e2e8 sp=0x000000cec51fcd30
Event: 8.006 Thread 0x0000021af8162ec0 DEOPT UNPACKING pc=0x0000021aa02546a2 sp=0x000000cec51fcd18 mode 2
Event: 8.006 Thread 0x0000021af8162ec0 Uncommon trap: trap_request=0xffffffbe fr.pc=0x0000021aa0850184 relative=0x0000000000000704
Event: 8.006 Thread 0x0000021af8162ec0 Uncommon trap: reason=profile_predicate action=maybe_recompile pc=0x0000021aa0850184 method=java.awt.LinearGradientPaintContext.fillRaster([IIIIIII)V @ 53 c2
Event: 8.006 Thread 0x0000021af8162ec0 DEOPT PACKING pc=0x0000021aa0850184 sp=0x000000cec51fcd50
Event: 8.006 Thread 0x0000021af8162ec0 DEOPT UNPACKING pc=0x0000021aa02546a2 sp=0x000000cec51fcd08 mode 2
Event: 8.006 Thread 0x0000021af8162ec0 Uncommon trap: trap_request=0xffffffbe fr.pc=0x0000021aa0850184 relative=0x0000000000000704
Event: 8.006 Thread 0x0000021af8162ec0 Uncommon trap: reason=profile_predicate action=maybe_recompile pc=0x0000021aa0850184 method=java.awt.LinearGradientPaintContext.fillRaster([IIIIIII)V @ 53 c2
Event: 8.006 Thread 0x0000021af8162ec0 DEOPT PACKING pc=0x0000021aa0850184 sp=0x000000cec51fcd50
Event: 8.006 Thread 0x0000021af8162ec0 DEOPT UNPACKING pc=0x0000021aa02546a2 sp=0x000000cec51fcd08 mode 2
Event: 8.006 Thread 0x0000021af8162ec0 Uncommon trap: trap_request=0xffffffbe fr.pc=0x0000021aa083e2e8 relative=0x0000000000000868
Event: 8.006 Thread 0x0000021af8162ec0 Uncommon trap: reason=profile_predicate action=maybe_recompile pc=0x0000021aa083e2e8 method=java.awt.LinearGradientPaintContext.fillRaster([IIIIIII)V @ 50 c2
Event: 8.006 Thread 0x0000021af8162ec0 DEOPT PACKING pc=0x0000021aa083e2e8 sp=0x000000cec51fcd30
Event: 8.006 Thread 0x0000021af8162ec0 DEOPT UNPACKING pc=0x0000021aa02546a2 sp=0x000000cec51fcd18 mode 2

Classes loaded (20 events):
Event: 5.771 Loading class java/awt/event/MouseWheelEvent
Event: 5.771 Loading class java/awt/event/MouseWheelEvent done
Event: 5.771 Loading class javax/swing/text/JTextComponent$InputMethodRequestsHandler
Event: 5.771 Loading class javax/swing/text/JTextComponent$InputMethodRequestsHandler done
Event: 5.772 Loading class javax/swing/TimerQueue
Event: 5.773 Loading class javax/swing/TimerQueue done
Event: 5.773 Loading class java/util/concurrent/DelayQueue
Event: 5.773 Loading class java/util/concurrent/BlockingQueue
Event: 5.773 Loading class java/util/concurrent/BlockingQueue done
Event: 5.773 Loading class java/util/concurrent/DelayQueue done
Event: 5.773 Loading class java/util/PriorityQueue
Event: 5.773 Loading class java/util/PriorityQueue done
Event: 5.774 Loading class javax/swing/TimerQueue$DelayedTimer
Event: 5.774 Loading class java/util/concurrent/Delayed
Event: 5.774 Loading class java/util/concurrent/Delayed done
Event: 5.774 Loading class javax/swing/TimerQueue$DelayedTimer done
Event: 6.283 Loading class javax/swing/Timer$1
Event: 6.283 Loading class javax/swing/Timer$1 done
Event: 7.632 Loading class sun/awt/windows/WComponentPeer$1
Event: 7.632 Loading class sun/awt/windows/WComponentPeer$1 done

Classes unloaded (0 events):
No events

Classes redefined (0 events):
No events

Internal exceptions (20 events):
Event: 0.211 Thread 0x0000021a8e639a70 Exception <a 'java/lang/ClassNotFoundException'{0x000000071ac15e88}: Tree> (0x000000071ac15e88) 
thrown [s\open\src\hotspot\share\classfile\systemDictionary.cpp, line 312]
Event: 0.211 Thread 0x0000021a8e639a70 Exception <a 'java/lang/ClassNotFoundException'{0x000000071ac161f8}: javax/swing/JTreeCell> (0x000000071ac161f8) 
thrown [s\open\src\hotspot\share\classfile\systemDictionary.cpp, line 312]
Event: 0.211 Thread 0x0000021a8e639a70 Exception <a 'java/lang/ClassNotFoundException'{0x000000071ac16500}: TreeCell> (0x000000071ac16500) 
thrown [s\open\src\hotspot\share\classfile\systemDictionary.cpp, line 312]
Event: 0.211 Thread 0x0000021a8e639a70 Exception <a 'java/lang/ClassNotFoundException'{0x000000071ac16ca8}: RootPane> (0x000000071ac16ca8) 
thrown [s\open\src\hotspot\share\classfile\systemDictionary.cpp, line 312]
Event: 0.212 Thread 0x0000021a8e639a70 Exception <a 'java/lang/ClassNotFoundException'{0x000000071ac19a38}: com/sun/swing/internal/plaf/metal/resources/spi/metalProvider> (0x000000071ac19a38) 
thrown [s\open\src\hotspot\share\classfile\systemDictionary.cpp, line 312]
Event: 0.213 Thread 0x0000021a8e639a70 Exception <a 'java/lang/ClassNotFoundException'{0x000000071ac1d6e8}: com/sun/swing/internal/plaf/basic/resources/spi/basicProvider> (0x000000071ac1d6e8) 
thrown [s\open\src\hotspot\share\classfile\systemDictionary.cpp, line 312]
Event: 0.550 Thread 0x0000021af8162ec0 Exception <a 'java/lang/ClassNotFoundException'{0x000000071ac7c1f8}: com/sun/swing/internal/plaf/synth/resources/spi/synthProvider> (0x000000071ac7c1f8) 
thrown [s\open\src\hotspot\share\classfile\systemDictionary.cpp, line 312]
Event: 0.565 Thread 0x0000021af8162ec0 Exception <a 'java/lang/NoSuchMethodError'{0x000000071acbf268}: 'int java.lang.invoke.Invokers$Holder.invokeExact_MT(java.lang.Object, java.lang.Object)'> (0x000000071acbf268) 
thrown [s\open\src\hotspot\share\interpreter\linkResolver.cpp, line 773]
Event: 0.568 Thread 0x0000021af8162ec0 Exception <a 'java/lang/NoSuchMethodError'{0x000000071acc7030}: 'java.lang.Object java.lang.invoke.DirectMethodHandle$Holder.newInvokeSpecial(java.lang.Object, java.lang.Object, int)'> (0x000000071acc7030) 
thrown [s\open\src\hotspot\share\interpreter\linkResolver.cpp, line 773]
Event: 0.569 Thread 0x0000021af8162ec0 Exception <a 'java/lang/NoSuchMethodError'{0x000000071accbee0}: 'int java.lang.invoke.DirectMethodHandle$Holder.invokeSpecial(java.lang.Object, java.lang.Object, java.lang.Object, int)'> (0x000000071accbee0) 
thrown [s\open\src\hotspot\share\interpreter\linkResolver.cpp, line 773]
Event: 0.570 Thread 0x0000021af8162ec0 Exception <a 'java/lang/NoSuchMethodError'{0x000000071ad44ec8}: 'java.lang.Object java.lang.invoke.DirectMethodHandle$Holder.invokeStatic(java.lang.Object, java.lang.Object, java.lang.Object, java.lang.Object, int)'> (0x000000071ad44ec8) 
thrown [s\open\src\hotspot\share\interpreter\linkResolver.cpp, line 773]
Event: 0.571 Thread 0x0000021af8162ec0 Exception <a 'java/lang/NoSuchMethodError'{0x000000071ad50618}: 'int java.lang.invoke.DirectMethodHandle$Holder.invokeSpecial(java.lang.Object, java.lang.Object, java.lang.Object)'> (0x000000071ad50618) 
thrown [s\open\src\hotspot\share\interpreter\linkResolver.cpp, line 773]
Event: 0.641 Thread 0x0000021afda917a0 Exception <a 'java/lang/NoSuchMethodError'{0x000000071ab424c8}: 'java.lang.Object java.lang.invoke.DirectMethodHandle$Holder.newInvokeSpecial(java.lang.Object, java.lang.Object, java.lang.Object, int, int, int, int, int)'> (0x000000071ab424c8) 
thrown [s\open\src\hotspot\share\interpreter\linkResolver.cpp, line 773]
Event: 0.660 Thread 0x0000021aaf6bd580 Exception <a 'java/lang/NoSuchMethodError'{0x000000071ae75348}: 'void java.lang.invoke.DirectMethodHandle$Holder.invokeVirtual(java.lang.Object, java.lang.Object)'> (0x000000071ae75348) 
thrown [s\open\src\hotspot\share\interpreter\linkResolver.cpp, line 773]
Event: 0.674 Thread 0x0000021af8162ec0 Exception <a 'java/lang/NoSuchMethodError'{0x000000071a89cc90}: 'void java.lang.invoke.DirectMethodHandle$Holder.invokeStaticInit(java.lang.Object)'> (0x000000071a89cc90) 
thrown [s\open\src\hotspot\share\interpreter\linkResolver.cpp, line 773]
Event: 8.006 Thread 0x0000021af8162ec0 Implicit null exception at 0x0000021aa084fb80 to 0x0000021aa0850149
Event: 8.006 Thread 0x0000021af8162ec0 Implicit null exception at 0x0000021aa083db61 to 0x0000021aa083e2a0
Event: 8.006 Thread 0x0000021af8162ec0 Implicit null exception at 0x0000021aa084fb80 to 0x0000021aa0850149
Event: 8.006 Thread 0x0000021af8162ec0 Implicit null exception at 0x0000021aa084fb80 to 0x0000021aa0850149
Event: 8.006 Thread 0x0000021af8162ec0 Implicit null exception at 0x0000021aa083db61 to 0x0000021aa083e2a0

ZGC Phase Switch (0 events):
No events

VM Operations (20 events):
Event: 0.860 Executing VM operation: HandshakeAllThreads (Deoptimize)
Event: 0.860 Executing VM operation: HandshakeAllThreads (Deoptimize) done
Event: 1.358 Executing VM operation: ICBufferFull
Event: 1.358 Executing VM operation: ICBufferFull done
Event: 2.371 Executing VM operation: Cleanup
Event: 2.371 Executing VM operation: Cleanup done
Event: 3.386 Executing VM operation: Cleanup
Event: 3.386 Executing VM operation: Cleanup done
Event: 4.388 Executing VM operation: Cleanup
Event: 4.388 Executing VM operation: Cleanup done
Event: 5.652 Executing VM operation: HandshakeAllThreads (Deoptimize)
Event: 5.652 Executing VM operation: HandshakeAllThreads (Deoptimize) done
Event: 5.652 Executing VM operation: Cleanup
Event: 5.652 Executing VM operation: Cleanup done
Event: 5.669 Executing VM operation: HandshakeAllThreads (Deoptimize)
Event: 5.669 Executing VM operation: HandshakeAllThreads (Deoptimize) done
Event: 6.677 Executing VM operation: Cleanup
Event: 6.678 Executing VM operation: Cleanup done
Event: 7.679 Executing VM operation: Cleanup
Event: 7.679 Executing VM operation: Cleanup done

Events (20 events):
Event: 0.037 Thread 0x0000021aaf249990 Thread added: 0x0000021aaf249990
Event: 0.037 Thread 0x0000021aaf24ac90 Thread added: 0x0000021aaf24ac90
Event: 0.037 Thread 0x0000021aaf24b8a0 Thread added: 0x0000021aaf24b8a0
Event: 0.037 Thread 0x0000021aaf24f600 Thread added: 0x0000021aaf24f600
Event: 0.037 Thread 0x0000021aaf25e0d0 Thread added: 0x0000021aaf25e0d0
Event: 0.037 Thread 0x0000021aaf262b80 Thread added: 0x0000021aaf262b80
Event: 0.052 Thread 0x0000021aaf42a9f0 Thread added: 0x0000021aaf42a9f0
Event: 0.077 Thread 0x0000021aaf5293e0 Thread added: 0x0000021aaf5293e0
Event: 0.137 Thread 0x0000021aaf6aff70 Thread added: 0x0000021aaf6aff70
Event: 0.138 Thread 0x0000021aaf6bc620 Thread added: 0x0000021aaf6bc620
Event: 0.139 Thread 0x0000021aaf6bd580 Thread added: 0x0000021aaf6bd580
Event: 0.219 Thread 0x0000021af8162ec0 Thread added: 0x0000021af8162ec0
Event: 0.220 Thread 0x0000021a8e639a70 Thread exited: 0x0000021a8e639a70
Event: 0.220 Thread 0x0000021a8e639a70 Thread added: 0x0000021a8e639a70
Event: 0.592 Thread 0x0000021afda917a0 Thread added: 0x0000021afda917a0
Event: 0.627 Thread 0x0000021a86e13220 Thread added: 0x0000021a86e13220
Event: 0.777 Thread 0x0000021a8722f1e0 Thread added: 0x0000021a8722f1e0
Event: 0.982 Thread 0x0000021a86e13220 Thread exited: 0x0000021a86e13220
Event: 5.774 Thread 0x0000021a873781d0 Thread added: 0x0000021a873781d0
Event: 7.848 Thread 0x0000021afda32100 Thread added: 0x0000021afda32100


Dynamic libraries:
0x00007ff7546c0000 - 0x00007ff7546d0000 	C:\Program Files\Java\jdk-21\bin\java.exe
0x00007ff9d8ff0000 - 0x00007ff9d9207000 	C:\WINDOWS\SYSTEM32\ntdll.dll
0x00007ff9d8270000 - 0x00007ff9d8334000 	C:\WINDOWS\System32\KERNEL32.DLL
0x00007ff9d6400000 - 0x00007ff9d67a6000 	C:\WINDOWS\System32\KERNELBASE.dll
0x00007ff9d69c0000 - 0x00007ff9d6ad1000 	C:\WINDOWS\System32\ucrtbase.dll
0x00007ff9d4ce0000 - 0x00007ff9d4cfb000 	C:\Program Files\Java\jdk-21\bin\VCRUNTIME140.dll
0x00007ff9c80d0000 - 0x00007ff9c80e9000 	C:\Program Files\Java\jdk-21\bin\jli.dll
0x00007ff9d8ef0000 - 0x00007ff9d8fa3000 	C:\WINDOWS\System32\ADVAPI32.dll
0x00007ff9d8d00000 - 0x00007ff9d8da7000 	C:\WINDOWS\System32\msvcrt.dll
0x00007ff9d81c0000 - 0x00007ff9d8268000 	C:\WINDOWS\System32\sechost.dll
0x00007ff9d63d0000 - 0x00007ff9d63f8000 	C:\WINDOWS\System32\bcrypt.dll
0x00007ff9d8dd0000 - 0x00007ff9d8ee7000 	C:\WINDOWS\System32\RPCRT4.dll
0x00007ff9d8010000 - 0x00007ff9d81be000 	C:\WINDOWS\System32\USER32.dll
0x00007ff9d5680000 - 0x00007ff9d5913000 	C:\WINDOWS\WinSxS\amd64_microsoft.windows.common-controls_6595b64144ccf1df_6.0.22621.2506_none_270c5ae97388e100\COMCTL32.dll
0x00007ff9d6c50000 - 0x00007ff9d6c76000 	C:\WINDOWS\System32\win32u.dll
0x00007ff9d8340000 - 0x00007ff9d8369000 	C:\WINDOWS\System32\GDI32.dll
0x00007ff9d67b0000 - 0x00007ff9d68c8000 	C:\WINDOWS\System32\gdi32full.dll
0x00007ff9d6330000 - 0x00007ff9d63ca000 	C:\WINDOWS\System32\msvcp_win.dll
0x00007ff9d4c20000 - 0x00007ff9d4c2a000 	C:\WINDOWS\SYSTEM32\VERSION.dll
0x00007ff9d8560000 - 0x00007ff9d8591000 	C:\WINDOWS\System32\IMM32.DLL
0x00007ff9d4d60000 - 0x00007ff9d4d6c000 	C:\Program Files\Java\jdk-21\bin\vcruntime140_1.dll
0x00007ff9c3bb0000 - 0x00007ff9c3c3e000 	C:\Program Files\Java\jdk-21\bin\msvcp140.dll
0x00007ff91c260000 - 0x00007ff91cf75000 	C:\Program Files\Java\jdk-21\bin\server\jvm.dll
0x00007ff9d7d30000 - 0x00007ff9d7da1000 	C:\WINDOWS\System32\WS2_32.dll
0x00007ff9d5c50000 - 0x00007ff9d5c9d000 	C:\WINDOWS\SYSTEM32\POWRPROF.dll
0x00007ff9cd1e0000 - 0x00007ff9cd214000 	C:\WINDOWS\SYSTEM32\WINMM.dll
0x00007ff9d5b00000 - 0x00007ff9d5b13000 	C:\WINDOWS\SYSTEM32\UMPDC.dll
0x00007ff9d4480000 - 0x00007ff9d4498000 	C:\WINDOWS\SYSTEM32\kernel.appcore.dll
0x00007ff9d4d10000 - 0x00007ff9d4d1a000 	C:\Program Files\Java\jdk-21\bin\jimage.dll
0x00007ff9d5ca0000 - 0x00007ff9d5ed3000 	C:\WINDOWS\SYSTEM32\DBGHELP.DLL
0x00007ff9d6dc0000 - 0x00007ff9d7149000 	C:\WINDOWS\System32\combase.dll
0x00007ff9d8380000 - 0x00007ff9d8457000 	C:\WINDOWS\System32\OLEAUT32.dll
0x00007ff9d5b20000 - 0x00007ff9d5b52000 	C:\WINDOWS\SYSTEM32\dbgcore.DLL
0x00007ff9d6940000 - 0x00007ff9d69ba000 	C:\WINDOWS\System32\bcryptPrimitives.dll
0x00007ff9c7bb0000 - 0x00007ff9c7bcf000 	C:\Program Files\Java\jdk-21\bin\java.dll
0x00007ff9d7330000 - 0x00007ff9d7b8b000 	C:\WINDOWS\System32\SHELL32.dll
0x00007ff9d3330000 - 0x00007ff9d3c26000 	C:\WINDOWS\SYSTEM32\windows.storage.dll
0x00007ff9d31f0000 - 0x00007ff9d332e000 	C:\WINDOWS\SYSTEM32\wintypes.dll
0x00007ff9d71b0000 - 0x00007ff9d72a3000 	C:\WINDOWS\System32\SHCORE.dll
0x00007ff9d8a20000 - 0x00007ff9d8a7e000 	C:\WINDOWS\System32\shlwapi.dll
0x00007ff9d6260000 - 0x00007ff9d6286000 	C:\WINDOWS\SYSTEM32\profapi.dll
0x00007ff9b8ab0000 - 0x00007ff9b8b87000 	C:\Program Files\Java\jdk-21\bin\jsvml.dll
0x00007ff9d11b0000 - 0x00007ff9d11c0000 	C:\Program Files\Java\jdk-21\bin\net.dll
0x00007ff9ce5f0000 - 0x00007ff9ce727000 	C:\WINDOWS\SYSTEM32\WINHTTP.dll
0x00007ff9d4860000 - 0x00007ff9d48c9000 	C:\WINDOWS\system32\mswsock.dll
0x00007ff9c3d30000 - 0x00007ff9c3d46000 	C:\Program Files\Java\jdk-21\bin\nio.dll
0x00007ff97a180000 - 0x00007ff97a30f000 	C:\Program Files\Java\jdk-21\bin\awt.dll
0x00007ff9d52a0000 - 0x00007ff9d5337000 	C:\WINDOWS\SYSTEM32\apphelp.dll
0x00007ff9d1d20000 - 0x00007ff9d1dcb000 	C:\WINDOWS\system32\uxtheme.dll
0x00007ff9d8a90000 - 0x00007ff9d8be1000 	C:\WINDOWS\System32\MSCTF.dll
0x00007ff9d7b90000 - 0x00007ff9d7d30000 	C:\WINDOWS\System32\ole32.dll
0x00007ff9d1ea0000 - 0x00007ff9d1ecb000 	C:\WINDOWS\system32\DWMAPI.DLL
0x00007ff9b8a20000 - 0x00007ff9b8aa7000 	C:\Program Files\Java\jdk-21\bin\freetype.dll
0x00007ff988040000 - 0x00007ff988113000 	C:\Program Files\Java\jdk-21\bin\fontmanager.dll
0x00007ff92b080000 - 0x00007ff92b180000 	C:\WINDOWS\system32\opengl32.dll
0x00007ff92aaf0000 - 0x00007ff92ab1d000 	C:\WINDOWS\SYSTEM32\GLU32.dll
0x00007ff9d2310000 - 0x00007ff9d2349000 	C:\WINDOWS\SYSTEM32\dxcore.dll
0x00007ff9b6db0000 - 0x00007ff9b6f59000 	C:\WINDOWS\system32\d3d9.dll
0x00007ff9d2f60000 - 0x00007ff9d3058000 	C:\WINDOWS\SYSTEM32\dxgi.dll
0x00007ff9cf9e0000 - 0x00007ff9cfa2a000 	C:\WINDOWS\SYSTEM32\directxdatabasehelper.dll
0x00007ff9bfc80000 - 0x00007ff9bfd3c000 	C:\WINDOWS\System32\DriverStore\FileRepository\nvami.inf_amd64_99c8019dbacde1b2\nvldumdx.dll
0x00007ff9d5b60000 - 0x00007ff9d5b72000 	C:\WINDOWS\SYSTEM32\msasn1.dll
0x00007ff9c73e0000 - 0x00007ff9c7412000 	C:\WINDOWS\SYSTEM32\cryptnet.dll
0x00007ff9d6ae0000 - 0x00007ff9d6c46000 	C:\WINDOWS\System32\CRYPT32.dll
0x00007ff9d5360000 - 0x00007ff9d54b8000 	C:\WINDOWS\SYSTEM32\drvstore.dll
0x00007ff9d5ff0000 - 0x00007ff9d601c000 	C:\WINDOWS\SYSTEM32\devobj.dll
0x00007ff9d6020000 - 0x00007ff9d606e000 	C:\WINDOWS\SYSTEM32\cfgmgr32.dll
0x00007ff9d4ae0000 - 0x00007ff9d4b2b000 	C:\WINDOWS\SYSTEM32\wldp.dll
0x00007ff9d4b90000 - 0x00007ff9d4b9c000 	C:\WINDOWS\SYSTEM32\cryptbase.dll
0x00007ff9d68d0000 - 0x00007ff9d693b000 	C:\WINDOWS\System32\wintrust.dll
0x00007ff9d6da0000 - 0x00007ff9d6dbf000 	C:\WINDOWS\System32\imagehlp.dll
0x00007ff9d5fd0000 - 0x00007ff9d5feb000 	C:\WINDOWS\SYSTEM32\CRYPTSP.dll
0x00007ff9d43e0000 - 0x00007ff9d4415000 	C:\WINDOWS\system32\rsaenh.dll
0x00007ff97b540000 - 0x00007ff97d72e000 	C:\WINDOWS\System32\DriverStore\FileRepository\nvami.inf_amd64_99c8019dbacde1b2\nvgpucomp64.dll
0x00007ff93a7e0000 - 0x00007ff93d1a5000 	C:\WINDOWS\System32\DriverStore\FileRepository\nvami.inf_amd64_99c8019dbacde1b2\nvd3dumx.dll
0x00007ff948e80000 - 0x00007ff949151000 	C:\WINDOWS\system32\nvspcap64.dll
0x00007ff9d5c10000 - 0x00007ff9d5c44000 	C:\WINDOWS\SYSTEM32\ntmarta.dll
0x00007ff9d48d0000 - 0x00007ff9d48f6000 	C:\WINDOWS\SYSTEM32\gpapi.dll
0x00007ff9cb740000 - 0x00007ff9cb8fb000 	C:\WINDOWS\System32\DriverStore\FileRepository\u0398226.inf_amd64_c5d9587384e4b5ff\B398182\aticfx64.dll
0x00007ff93d1b0000 - 0x00007ff940773000 	C:\WINDOWS\System32\DriverStore\FileRepository\u0398226.inf_amd64_c5d9587384e4b5ff\B398182\amdxn64.dll
0x00007ff9d85a0000 - 0x00007ff9d8a14000 	C:\WINDOWS\System32\SETUPAPI.dll
0x00007ff9ce7f0000 - 0x00007ff9ce825000 	C:\WINDOWS\SYSTEM32\amdihk64.dll
0x00007ff9c3c40000 - 0x00007ff9c3c58000 	C:\Program Files\Java\jdk-21\bin\zip.dll
0x00007ff9b89b0000 - 0x00007ff9b89de000 	C:\Program Files\Java\jdk-21\bin\javajpeg.dll
0x00007ff9ac630000 - 0x00007ff9ac77a000 	C:\WINDOWS\SYSTEM32\textinputframework.dll
0x00007ff9d4fa0000 - 0x00007ff9d50d4000 	C:\WINDOWS\SYSTEM32\CoreMessaging.dll
0x00007ff9cf170000 - 0x00007ff9cf4dc000 	C:\WINDOWS\SYSTEM32\CoreUIComponents.dll
0x00007ff9d84b0000 - 0x00007ff9d8560000 	C:\WINDOWS\System32\clbcatq.dll
0x00007ff9d1330000 - 0x00007ff9d14e0000 	C:\WINDOWS\SYSTEM32\WindowsCodecs.dll
0x00007ff9b6c20000 - 0x00007ff9b6c7e000 	C:\WINDOWS\system32\dataexchange.dll
0x00007ff9cd710000 - 0x00007ff9cd997000 	C:\WINDOWS\system32\twinapi.appcore.dll
0x00007ff9ab960000 - 0x00007ff9aba10000 	C:\WINDOWS\SYSTEM32\TextShaping.dll

dbghelp: loaded successfully - version: 4.0.5 - missing functions: none
symbol engine: initialized successfully - sym options: 0x614 - pdb path: .;C:\Program Files\Java\jdk-21\bin;C:\WINDOWS\SYSTEM32;C:\WINDOWS\WinSxS\amd64_microsoft.windows.common-controls_6595b64144ccf1df_6.0.22621.2506_none_270c5ae97388e100;C:\Program Files\Java\jdk-21\bin\server;C:\WINDOWS\System32\DriverStore\FileRepository\nvami.inf_amd64_99c8019dbacde1b2;C:\WINDOWS\System32\DriverStore\FileRepository\u0398226.inf_amd64_c5d9587384e4b5ff\B398182

VM Arguments:
jvm_args: -Dfile.encoding=UTF-8 --module-path=C:\Users\svari\OneDrive\Documents\NetBeansProjects\Week 2 - SRamirez LandscapingGUI\build\classes 
java_command: LandscapeGUI
java_class_path (initial): C:\Users\svari\OneDrive\Documents\NetBeansProjects\Week 2 - SRamirez LandscapingGUI\build\classes
Launcher Type: SUN_STANDARD

[Global flags]
     intx CICompilerCount                          = 3                                         {product} {ergonomic}
     uint ConcGCThreads                            = 2                                         {product} {ergonomic}
     uint G1ConcRefinementThreads                  = 6                                         {product} {ergonomic}
   size_t G1HeapRegionSize                         = 2097152                                   {product} {ergonomic}
    uintx GCDrainStackTargetSize                   = 64                                        {product} {ergonomic}
   size_t InitialHeapSize                          = 255852544                                 {product} {ergonomic}
   size_t MarkStackSize                            = 4194304                                   {product} {ergonomic}
   size_t MaxHeapSize                              = 4093640704                                {product} {ergonomic}
   size_t MaxNewSize                               = 2455764992                                {product} {ergonomic}
   size_t MinHeapDeltaBytes                        = 2097152                                   {product} {ergonomic}
   size_t MinHeapSize                              = 8388608                                   {product} {ergonomic}
    uintx NonNMethodCodeHeapSize                   = 5832780                                {pd product} {ergonomic}
    uintx NonProfiledCodeHeapSize                  = 122912730                              {pd product} {ergonomic}
    uintx ProfiledCodeHeapSize                     = 122912730                              {pd product} {ergonomic}
    uintx ReservedCodeCacheSize                    = 251658240                              {pd product} {ergonomic}
     bool SegmentedCodeCache                       = true                                      {product} {ergonomic}
   size_t SoftMaxHeapSize                          = 4093640704                             {manageable} {ergonomic}
     bool UseCompressedOops                        = true                           {product lp64_product} {ergonomic}
     bool UseG1GC                                  = true                                      {product} {ergonomic}
     bool UseLargePagesIndividualAllocation        = false                                  {pd product} {ergonomic}

Logging:
Log output configuration:
 #0: stdout all=warning uptime,level,tags foldmultilines=false
 #1: stderr all=off uptime,level,tags foldmultilines=false

Environment Variables:
PATH=C:\Program Files\Common Files\Oracle\Java\javapath;C:\Program Files\Microsoft\jdk-11.0.16.101-hotspot\bin;C:\Windows\system32;C:\Windows;C:\Windows\System32\Wbem;C:\Windows\System32\WindowsPowerShell\v1.0\;C:\Windows\System32\OpenSSH\;C:\Program Files (x86)\NVIDIA Corporation\PhysX\Common;C:\Program Files\NVIDIA Corporation\NVIDIA NvDLISR;C:\Program Files (x86)\PuTTY\;C:\Program Files\dotnet\;C:\WINDOWS\system32;C:\WINDOWS;C:\WINDOWS\System32\Wbem;C:\WINDOWS\System32\WindowsPowerShell\v1.0\;C:\WINDOWS\System32\OpenSSH\;C:\Program Files\Azure Data Studio\bin;C:\Program Files\Microsoft SQL Server\Client SDK\ODBC\170\Tools\Binn\;C:\Program Files\Git\cmd;C:\Program Files\Microsoft SQL Server\150\Tools\Binn\;C:\Program Files\PowerShell\7\;C:\Program Files\MySQL\MySQL Shell 8.0\bin\;C:\Users\svari\AppData\Local\Microsoft\WindowsApps;C:\Users\svari\AppData\Local\GitHubDesktop\bin;C:\Program Files\Azure Data Studio\bin;C:\Users\svari\.dotnet\tools;C:\Program Files\Java\jdk-21\bin;
USERNAME=svari
OS=Windows_NT
PROCESSOR_IDENTIFIER=AMD64 Family 25 Model 68 Stepping 1, AuthenticAMD
TMP=C:\Users\svari\AppData\Local\Temp
TEMP=C:\Users\svari\AppData\Local\Temp




Periodic native trim disabled

---------------  S Y S T E M  ---------------

OS:
 Windows 11 , 64 bit Build 22621 (10.0.22621.3085)
OS uptime: 1 days 6:20 hours
Hyper-V role detected

CPU: total 6 (initial active 6) (16 cores per cpu, 2 threads per core) family 25 model 68 stepping 1 microcode 0x0, cx8, cmov, fxsr, ht, mmx, 3dnowpref, sse, sse2, sse3, ssse3, sse4a, sse4.1, sse4.2, popcnt, lzcnt, tsc, tscinvbit, avx, avx2, aes, clmul, bmi1, bmi2, adx, sha, fma, vzeroupper, clflush, clflushopt, hv, rdtscp, rdpid, f16c, cet_ss
Processor Information for all 6 processors :
  Max Mhz: 3201, Current Mhz: 3201, Mhz Limit: 3201

Memory: 4k page, system-wide physical 15613M (5415M free)
TotalPageFile size 31613M (AvailPageFile size 6M)
current process WorkingSet (physical memory assigned to process): 179M, peak: 179M
current process commit charge ("private bytes"): 487M, peak: 489M

vm_info: Java HotSpot(TM) 64-Bit Server VM (21.0.1+12-LTS-29) for windows-amd64 JRE (21.0.1+12-LTS-29), built on 2023-10-05T13:27:09Z by "mach5one" with MS VC++ 17.1 (VS2022)

END.
