#
# There is insufficient memory for the Java Runtime Environment to continue.
# Native memory allocation (malloc) failed to allocate 32744 bytes for Chunk::new
# Possible reasons:
#   The system is out of physical RAM or swap space
#   The process is running with CompressedOops enabled, and the Java Heap may be blocking the growth of the native heap
# Possible solutions:
#   Reduce memory load on the system
#   Increase physical memory or swap space
#   Check if swap backing store is full
#   Decrease Java heap size (-Xmx/-Xms)
#   Decrease number of Java threads
#   Decrease Java thread stack sizes (-Xss)
#   Set larger code cache with -XX:ReservedCodeCacheSize=
#   JVM is running with Zero Based Compressed Oops mode in which the Java heap is
#     placed in the first 32GB address space. The Java Heap base address is the
#     maximum limit for the native heap growth. Please use -XX:HeapBaseMinAddress
#     to set the Java Heap base and to place the Java Heap above 32GB virtual address.
# This output file may be truncated or incomplete.
#
#  Out of Memory Error (arena.cpp:168), pid=17712, tid=44816
#
# JRE version: Java(TM) SE Runtime Environment (21.0.1+12) (build 21.0.1+12-LTS-29)
# Java VM: Java HotSpot(TM) 64-Bit Server VM (21.0.1+12-LTS-29, mixed mode, sharing, tiered, compressed oops, compressed class ptrs, g1 gc, windows-amd64)
# No core dump will be written. Minidumps are not enabled by default on client versions of Windows
#

---------------  S U M M A R Y ------------

Command Line: -Dfile.encoding=UTF-8 --module-path=C:\Users\svari\OneDrive\Documents\NetBeansProjects\Week 2 - SRamirez LandscapingGUI\build\classes LandscapeGUI

Host: AMD Ryzen 7 6800H with Radeon Graphics         , 6 cores, 15G,  Windows 11 , 64 bit Build 22621 (10.0.22621.3085)
Time: Sun Jan 28 16:17:41 2024 Eastern Standard Time elapsed time: 0.451503 seconds (0d 0h 0m 0s)

---------------  T H R E A D  ---------------

Current thread (0x00000201a14d10a0):  JavaThread "C1 CompilerThread0" daemon [_thread_in_native, id=44816, stack(0x0000005f09b00000,0x0000005f09c00000) (1024K)]


Current CompileTask:
C1:    451  586       3       javax.swing.UIDefaults$TextAndMnemonicHashMap::get (358 bytes)

Stack: [0x0000005f09b00000,0x0000005f09c00000]
Native frames: (J=compiled Java code, j=interpreted, Vv=VM code, C=native code)
V  [jvm.dll+0x6c9029]
V  [jvm.dll+0x854b81]
V  [jvm.dll+0x856e5e]
V  [jvm.dll+0x857543]
V  [jvm.dll+0x280c06]
V  [jvm.dll+0xc3ead]
V  [jvm.dll+0xc43c3]
V  [jvm.dll+0x19609e]
V  [jvm.dll+0x1adccd]
V  [jvm.dll+0x153cfd]
V  [jvm.dll+0x153f83]
V  [jvm.dll+0x154244]
V  [jvm.dll+0x153686]
V  [jvm.dll+0x1553ed]
V  [jvm.dll+0x2586b9]
V  [jvm.dll+0x256c9a]
V  [jvm.dll+0x3ef1b6]
V  [jvm.dll+0x7fd728]
V  [jvm.dll+0x6c777d]
C  [ucrtbase.dll+0x29363]
C  [KERNEL32.DLL+0x1257d]
C  [ntdll.dll+0x5aa58]


---------------  P R O C E S S  ---------------

Threads class SMR info:
_java_thread_list=0x00000201ea1b4830, length=15, elements={
0x00000201a14ca050, 0x00000201a14cad70, 0x00000201a14cc940, 0x00000201a14cd3a0,
0x00000201a14cde00, 0x00000201a14cf870, 0x00000201a14d0600, 0x00000201a14d10a0,
0x00000201a148fb70, 0x00000201a17836f0, 0x00000201a193e2d0, 0x00000201a193e940,
0x00000201a193f240, 0x00000201a1a209f0, 0x0000020182b295c0
}

Java Threads: ( => current thread )
  0x00000201a14ca050 JavaThread "Reference Handler"          daemon [_thread_blocked, id=39132, stack(0x0000005f09400000,0x0000005f09500000) (1024K)]
  0x00000201a14cad70 JavaThread "Finalizer"                  daemon [_thread_blocked, id=20272, stack(0x0000005f09500000,0x0000005f09600000) (1024K)]
  0x00000201a14cc940 JavaThread "Signal Dispatcher"          daemon [_thread_blocked, id=19748, stack(0x0000005f09600000,0x0000005f09700000) (1024K)]
  0x00000201a14cd3a0 JavaThread "Attach Listener"            daemon [_thread_blocked, id=46896, stack(0x0000005f09700000,0x0000005f09800000) (1024K)]
  0x00000201a14cde00 JavaThread "Service Thread"             daemon [_thread_blocked, id=9544, stack(0x0000005f09800000,0x0000005f09900000) (1024K)]
  0x00000201a14cf870 JavaThread "Monitor Deflation Thread"   daemon [_thread_blocked, id=46588, stack(0x0000005f09900000,0x0000005f09a00000) (1024K)]
  0x00000201a14d0600 JavaThread "C2 CompilerThread0"         daemon [_thread_in_native, id=46000, stack(0x0000005f09a00000,0x0000005f09b00000) (1024K)]
=>0x00000201a14d10a0 JavaThread "C1 CompilerThread0"         daemon [_thread_in_native, id=44816, stack(0x0000005f09b00000,0x0000005f09c00000) (1024K)]
  0x00000201a148fb70 JavaThread "Common-Cleaner"             daemon [_thread_blocked, id=22760, stack(0x0000005f09c00000,0x0000005f09d00000) (1024K)]
  0x00000201a17836f0 JavaThread "Notification Thread"        daemon [_thread_blocked, id=46612, stack(0x0000005f09d00000,0x0000005f09e00000) (1024K)]
  0x00000201a193e2d0 JavaThread "Java2D Disposer"            daemon [_thread_blocked, id=3532, stack(0x0000005f09e00000,0x0000005f09f00000) (1024K)]
  0x00000201a193e940 JavaThread "AWT-Shutdown"                      [_thread_blocked, id=46308, stack(0x0000005f09f00000,0x0000005f0a000000) (1024K)]
  0x00000201a193f240 JavaThread "AWT-Windows"                daemon [_thread_in_native, id=45664, stack(0x0000005f0a000000,0x0000005f0a100000) (1024K)]
  0x00000201a1a209f0 JavaThread "AWT-EventQueue-0"                  [_thread_in_vm, id=45944, stack(0x0000005f0a100000,0x0000005f0a200000) (1024K)]
  0x0000020182b295c0 JavaThread "DestroyJavaVM"                     [_thread_blocked, id=20060, stack(0x0000005f08c00000,0x0000005f08d00000) (1024K)]
Total: 15

Other Threads:
  0x00000201a14a9e70 VMThread "VM Thread"                           [id=20192, stack(0x0000005f09300000,0x0000005f09400000) (1024K)]
  0x00000201a148d7d0 WatcherThread "VM Periodic Task Thread"        [id=40316, stack(0x0000005f09200000,0x0000005f09300000) (1024K)]
  0x0000020182b87880 WorkerThread "GC Thread#0"                     [id=20120, stack(0x0000005f08d00000,0x0000005f08e00000) (1024K)]
  0x0000020182b97c60 ConcurrentGCThread "G1 Main Marker"            [id=46740, stack(0x0000005f08e00000,0x0000005f08f00000) (1024K)]
  0x0000020182b98760 WorkerThread "G1 Conc#0"                       [id=1816, stack(0x0000005f08f00000,0x0000005f09000000) (1024K)]
  0x00000201a13620d0 ConcurrentGCThread "G1 Refine#0"               [id=6128, stack(0x0000005f09000000,0x0000005f09100000) (1024K)]
  0x00000201a1362c40 ConcurrentGCThread "G1 Service"                [id=46344, stack(0x0000005f09100000,0x0000005f09200000) (1024K)]
Total: 7

Threads with active compile tasks:
C2 CompilerThread0      477  589       4       java.util.HashMap::put (13 bytes)
C1 CompilerThread0      477  586       3       javax.swing.UIDefaults$TextAndMnemonicHashMap::get (358 bytes)
Total: 2

VM state: not at safepoint (normal execution)

VM Mutex/Monitor currently owned by a thread:  ([mutex/lock_event])
[0x00007ff91ce98578] Metaspace_lock - owner thread: 0x00000201a1a209f0

Heap address: 0x000000070c000000, size: 3904 MB, Compressed Oops mode: Zero based, Oop shift amount: 3

CDS archive(s) mapped at: [0x00000201a2000000-0x00000201a2c90000-0x00000201a2c90000), size 13172736, SharedBaseAddress: 0x00000201a2000000, ArchiveRelocationMode: 1.
Compressed class space mapped at: 0x00000201a3000000-0x00000201e3000000, reserved size: 1073741824
Narrow klass base: 0x00000201a2000000, Narrow klass shift: 0, Narrow klass range: 0x100000000

GC Precious Log:
 CardTable entry size: 512
 Card Set container configuration: InlinePtr #cards 4 size 8 Array Of Cards #cards 16 size 48 Howl #buckets 8 coarsen threshold 3686 Howl Bitmap #cards 512 size 80 coarsen threshold 460 Card regions per heap region 1 cards per card region 4096
 CPUs: 6 total, 6 available
 Memory: 15613M
 Large Page Support: Disabled
 NUMA Support: Disabled
 Compressed Oops: Enabled (Zero based)
 Heap Region Size: 2M
 Heap Min Capacity: 8M
 Heap Initial Capacity: 244M
 Heap Max Capacity: 3904M
 Pre-touch: Disabled
 Parallel Workers: 6
 Concurrent Workers: 2
 Concurrent Refinement Workers: 6
 Periodic GC: Disabled

Heap:
 garbage-first heap   total 249856K, used 6144K [0x000000070c000000, 0x0000000800000000)
  region size 2048K, 4 young (8192K), 0 survivors (0K)
 Metaspace       used 6453K, committed 6592K, reserved 1114112K
  class space    used 735K, committed 768K, reserved 1048576K

Heap Regions: E=young(eden), S=young(survivor), O=old, HS=humongous(starts), HC=humongous(continues), CS=collection set, F=free, TAMS=top-at-mark-start, PB=parsable bottom
|   0|0x000000070c000000, 0x000000070c000000, 0x000000070c200000|  0%| F|  |TAMS 0x000000070c000000| PB 0x000000070c000000| Untracked 
|   1|0x000000070c200000, 0x000000070c200000, 0x000000070c400000|  0%| F|  |TAMS 0x000000070c200000| PB 0x000000070c200000| Untracked 
|   2|0x000000070c400000, 0x000000070c400000, 0x000000070c600000|  0%| F|  |TAMS 0x000000070c400000| PB 0x000000070c400000| Untracked 
|   3|0x000000070c600000, 0x000000070c600000, 0x000000070c800000|  0%| F|  |TAMS 0x000000070c600000| PB 0x000000070c600000| Untracked 
|   4|0x000000070c800000, 0x000000070c800000, 0x000000070ca00000|  0%| F|  |TAMS 0x000000070c800000| PB 0x000000070c800000| Untracked 
|   5|0x000000070ca00000, 0x000000070ca00000, 0x000000070cc00000|  0%| F|  |TAMS 0x000000070ca00000| PB 0x000000070ca00000| Untracked 
|   6|0x000000070cc00000, 0x000000070cc00000, 0x000000070ce00000|  0%| F|  |TAMS 0x000000070cc00000| PB 0x000000070cc00000| Untracked 
|   7|0x000000070ce00000, 0x000000070ce00000, 0x000000070d000000|  0%| F|  |TAMS 0x000000070ce00000| PB 0x000000070ce00000| Untracked 
|   8|0x000000070d000000, 0x000000070d000000, 0x000000070d200000|  0%| F|  |TAMS 0x000000070d000000| PB 0x000000070d000000| Untracked 
|   9|0x000000070d200000, 0x000000070d200000, 0x000000070d400000|  0%| F|  |TAMS 0x000000070d200000| PB 0x000000070d200000| Untracked 
|  10|0x000000070d400000, 0x000000070d400000, 0x000000070d600000|  0%| F|  |TAMS 0x000000070d400000| PB 0x000000070d400000| Untracked 
|  11|0x000000070d600000, 0x000000070d600000, 0x000000070d800000|  0%| F|  |TAMS 0x000000070d600000| PB 0x000000070d600000| Untracked 
|  12|0x000000070d800000, 0x000000070d800000, 0x000000070da00000|  0%| F|  |TAMS 0x000000070d800000| PB 0x000000070d800000| Untracked 
|  13|0x000000070da00000, 0x000000070da00000, 0x000000070dc00000|  0%| F|  |TAMS 0x000000070da00000| PB 0x000000070da00000| Untracked 
|  14|0x000000070dc00000, 0x000000070dc00000, 0x000000070de00000|  0%| F|  |TAMS 0x000000070dc00000| PB 0x000000070dc00000| Untracked 
|  15|0x000000070de00000, 0x000000070de00000, 0x000000070e000000|  0%| F|  |TAMS 0x000000070de00000| PB 0x000000070de00000| Untracked 
|  16|0x000000070e000000, 0x000000070e000000, 0x000000070e200000|  0%| F|  |TAMS 0x000000070e000000| PB 0x000000070e000000| Untracked 
|  17|0x000000070e200000, 0x000000070e200000, 0x000000070e400000|  0%| F|  |TAMS 0x000000070e200000| PB 0x000000070e200000| Untracked 
|  18|0x000000070e400000, 0x000000070e400000, 0x000000070e600000|  0%| F|  |TAMS 0x000000070e400000| PB 0x000000070e400000| Untracked 
|  19|0x000000070e600000, 0x000000070e600000, 0x000000070e800000|  0%| F|  |TAMS 0x000000070e600000| PB 0x000000070e600000| Untracked 
|  20|0x000000070e800000, 0x000000070e800000, 0x000000070ea00000|  0%| F|  |TAMS 0x000000070e800000| PB 0x000000070e800000| Untracked 
|  21|0x000000070ea00000, 0x000000070ea00000, 0x000000070ec00000|  0%| F|  |TAMS 0x000000070ea00000| PB 0x000000070ea00000| Untracked 
|  22|0x000000070ec00000, 0x000000070ec00000, 0x000000070ee00000|  0%| F|  |TAMS 0x000000070ec00000| PB 0x000000070ec00000| Untracked 
|  23|0x000000070ee00000, 0x000000070ee00000, 0x000000070f000000|  0%| F|  |TAMS 0x000000070ee00000| PB 0x000000070ee00000| Untracked 
|  24|0x000000070f000000, 0x000000070f000000, 0x000000070f200000|  0%| F|  |TAMS 0x000000070f000000| PB 0x000000070f000000| Untracked 
|  25|0x000000070f200000, 0x000000070f200000, 0x000000070f400000|  0%| F|  |TAMS 0x000000070f200000| PB 0x000000070f200000| Untracked 
|  26|0x000000070f400000, 0x000000070f400000, 0x000000070f600000|  0%| F|  |TAMS 0x000000070f400000| PB 0x000000070f400000| Untracked 
|  27|0x000000070f600000, 0x000000070f600000, 0x000000070f800000|  0%| F|  |TAMS 0x000000070f600000| PB 0x000000070f600000| Untracked 
|  28|0x000000070f800000, 0x000000070f800000, 0x000000070fa00000|  0%| F|  |TAMS 0x000000070f800000| PB 0x000000070f800000| Untracked 
|  29|0x000000070fa00000, 0x000000070fa00000, 0x000000070fc00000|  0%| F|  |TAMS 0x000000070fa00000| PB 0x000000070fa00000| Untracked 
|  30|0x000000070fc00000, 0x000000070fc00000, 0x000000070fe00000|  0%| F|  |TAMS 0x000000070fc00000| PB 0x000000070fc00000| Untracked 
|  31|0x000000070fe00000, 0x000000070fe00000, 0x0000000710000000|  0%| F|  |TAMS 0x000000070fe00000| PB 0x000000070fe00000| Untracked 
|  32|0x0000000710000000, 0x0000000710000000, 0x0000000710200000|  0%| F|  |TAMS 0x0000000710000000| PB 0x0000000710000000| Untracked 
|  33|0x0000000710200000, 0x0000000710200000, 0x0000000710400000|  0%| F|  |TAMS 0x0000000710200000| PB 0x0000000710200000| Untracked 
|  34|0x0000000710400000, 0x0000000710400000, 0x0000000710600000|  0%| F|  |TAMS 0x0000000710400000| PB 0x0000000710400000| Untracked 
|  35|0x0000000710600000, 0x0000000710600000, 0x0000000710800000|  0%| F|  |TAMS 0x0000000710600000| PB 0x0000000710600000| Untracked 
|  36|0x0000000710800000, 0x0000000710800000, 0x0000000710a00000|  0%| F|  |TAMS 0x0000000710800000| PB 0x0000000710800000| Untracked 
|  37|0x0000000710a00000, 0x0000000710a00000, 0x0000000710c00000|  0%| F|  |TAMS 0x0000000710a00000| PB 0x0000000710a00000| Untracked 
|  38|0x0000000710c00000, 0x0000000710c00000, 0x0000000710e00000|  0%| F|  |TAMS 0x0000000710c00000| PB 0x0000000710c00000| Untracked 
|  39|0x0000000710e00000, 0x0000000710e00000, 0x0000000711000000|  0%| F|  |TAMS 0x0000000710e00000| PB 0x0000000710e00000| Untracked 
|  40|0x0000000711000000, 0x0000000711000000, 0x0000000711200000|  0%| F|  |TAMS 0x0000000711000000| PB 0x0000000711000000| Untracked 
|  41|0x0000000711200000, 0x0000000711200000, 0x0000000711400000|  0%| F|  |TAMS 0x0000000711200000| PB 0x0000000711200000| Untracked 
|  42|0x0000000711400000, 0x0000000711400000, 0x0000000711600000|  0%| F|  |TAMS 0x0000000711400000| PB 0x0000000711400000| Untracked 
|  43|0x0000000711600000, 0x0000000711600000, 0x0000000711800000|  0%| F|  |TAMS 0x0000000711600000| PB 0x0000000711600000| Untracked 
|  44|0x0000000711800000, 0x0000000711800000, 0x0000000711a00000|  0%| F|  |TAMS 0x0000000711800000| PB 0x0000000711800000| Untracked 
|  45|0x0000000711a00000, 0x0000000711a00000, 0x0000000711c00000|  0%| F|  |TAMS 0x0000000711a00000| PB 0x0000000711a00000| Untracked 
|  46|0x0000000711c00000, 0x0000000711c00000, 0x0000000711e00000|  0%| F|  |TAMS 0x0000000711c00000| PB 0x0000000711c00000| Untracked 
|  47|0x0000000711e00000, 0x0000000711e00000, 0x0000000712000000|  0%| F|  |TAMS 0x0000000711e00000| PB 0x0000000711e00000| Untracked 
|  48|0x0000000712000000, 0x0000000712000000, 0x0000000712200000|  0%| F|  |TAMS 0x0000000712000000| PB 0x0000000712000000| Untracked 
|  49|0x0000000712200000, 0x0000000712200000, 0x0000000712400000|  0%| F|  |TAMS 0x0000000712200000| PB 0x0000000712200000| Untracked 
|  50|0x0000000712400000, 0x0000000712400000, 0x0000000712600000|  0%| F|  |TAMS 0x0000000712400000| PB 0x0000000712400000| Untracked 
|  51|0x0000000712600000, 0x0000000712600000, 0x0000000712800000|  0%| F|  |TAMS 0x0000000712600000| PB 0x0000000712600000| Untracked 
|  52|0x0000000712800000, 0x0000000712800000, 0x0000000712a00000|  0%| F|  |TAMS 0x0000000712800000| PB 0x0000000712800000| Untracked 
|  53|0x0000000712a00000, 0x0000000712a00000, 0x0000000712c00000|  0%| F|  |TAMS 0x0000000712a00000| PB 0x0000000712a00000| Untracked 
|  54|0x0000000712c00000, 0x0000000712c00000, 0x0000000712e00000|  0%| F|  |TAMS 0x0000000712c00000| PB 0x0000000712c00000| Untracked 
|  55|0x0000000712e00000, 0x0000000712e00000, 0x0000000713000000|  0%| F|  |TAMS 0x0000000712e00000| PB 0x0000000712e00000| Untracked 
|  56|0x0000000713000000, 0x0000000713000000, 0x0000000713200000|  0%| F|  |TAMS 0x0000000713000000| PB 0x0000000713000000| Untracked 
|  57|0x0000000713200000, 0x0000000713200000, 0x0000000713400000|  0%| F|  |TAMS 0x0000000713200000| PB 0x0000000713200000| Untracked 
|  58|0x0000000713400000, 0x0000000713400000, 0x0000000713600000|  0%| F|  |TAMS 0x0000000713400000| PB 0x0000000713400000| Untracked 
|  59|0x0000000713600000, 0x0000000713600000, 0x0000000713800000|  0%| F|  |TAMS 0x0000000713600000| PB 0x0000000713600000| Untracked 
|  60|0x0000000713800000, 0x0000000713800000, 0x0000000713a00000|  0%| F|  |TAMS 0x0000000713800000| PB 0x0000000713800000| Untracked 
|  61|0x0000000713a00000, 0x0000000713a00000, 0x0000000713c00000|  0%| F|  |TAMS 0x0000000713a00000| PB 0x0000000713a00000| Untracked 
|  62|0x0000000713c00000, 0x0000000713c00000, 0x0000000713e00000|  0%| F|  |TAMS 0x0000000713c00000| PB 0x0000000713c00000| Untracked 
|  63|0x0000000713e00000, 0x0000000713e00000, 0x0000000714000000|  0%| F|  |TAMS 0x0000000713e00000| PB 0x0000000713e00000| Untracked 
|  64|0x0000000714000000, 0x0000000714000000, 0x0000000714200000|  0%| F|  |TAMS 0x0000000714000000| PB 0x0000000714000000| Untracked 
|  65|0x0000000714200000, 0x0000000714200000, 0x0000000714400000|  0%| F|  |TAMS 0x0000000714200000| PB 0x0000000714200000| Untracked 
|  66|0x0000000714400000, 0x0000000714400000, 0x0000000714600000|  0%| F|  |TAMS 0x0000000714400000| PB 0x0000000714400000| Untracked 
|  67|0x0000000714600000, 0x0000000714600000, 0x0000000714800000|  0%| F|  |TAMS 0x0000000714600000| PB 0x0000000714600000| Untracked 
|  68|0x0000000714800000, 0x0000000714800000, 0x0000000714a00000|  0%| F|  |TAMS 0x0000000714800000| PB 0x0000000714800000| Untracked 
|  69|0x0000000714a00000, 0x0000000714a00000, 0x0000000714c00000|  0%| F|  |TAMS 0x0000000714a00000| PB 0x0000000714a00000| Untracked 
|  70|0x0000000714c00000, 0x0000000714c00000, 0x0000000714e00000|  0%| F|  |TAMS 0x0000000714c00000| PB 0x0000000714c00000| Untracked 
|  71|0x0000000714e00000, 0x0000000714e00000, 0x0000000715000000|  0%| F|  |TAMS 0x0000000714e00000| PB 0x0000000714e00000| Untracked 
|  72|0x0000000715000000, 0x0000000715000000, 0x0000000715200000|  0%| F|  |TAMS 0x0000000715000000| PB 0x0000000715000000| Untracked 
|  73|0x0000000715200000, 0x0000000715200000, 0x0000000715400000|  0%| F|  |TAMS 0x0000000715200000| PB 0x0000000715200000| Untracked 
|  74|0x0000000715400000, 0x0000000715400000, 0x0000000715600000|  0%| F|  |TAMS 0x0000000715400000| PB 0x0000000715400000| Untracked 
|  75|0x0000000715600000, 0x0000000715600000, 0x0000000715800000|  0%| F|  |TAMS 0x0000000715600000| PB 0x0000000715600000| Untracked 
|  76|0x0000000715800000, 0x0000000715800000, 0x0000000715a00000|  0%| F|  |TAMS 0x0000000715800000| PB 0x0000000715800000| Untracked 
|  77|0x0000000715a00000, 0x0000000715a00000, 0x0000000715c00000|  0%| F|  |TAMS 0x0000000715a00000| PB 0x0000000715a00000| Untracked 
|  78|0x0000000715c00000, 0x0000000715c00000, 0x0000000715e00000|  0%| F|  |TAMS 0x0000000715c00000| PB 0x0000000715c00000| Untracked 
|  79|0x0000000715e00000, 0x0000000715e00000, 0x0000000716000000|  0%| F|  |TAMS 0x0000000715e00000| PB 0x0000000715e00000| Untracked 
|  80|0x0000000716000000, 0x0000000716000000, 0x0000000716200000|  0%| F|  |TAMS 0x0000000716000000| PB 0x0000000716000000| Untracked 
|  81|0x0000000716200000, 0x0000000716200000, 0x0000000716400000|  0%| F|  |TAMS 0x0000000716200000| PB 0x0000000716200000| Untracked 
|  82|0x0000000716400000, 0x0000000716400000, 0x0000000716600000|  0%| F|  |TAMS 0x0000000716400000| PB 0x0000000716400000| Untracked 
|  83|0x0000000716600000, 0x0000000716600000, 0x0000000716800000|  0%| F|  |TAMS 0x0000000716600000| PB 0x0000000716600000| Untracked 
|  84|0x0000000716800000, 0x0000000716800000, 0x0000000716a00000|  0%| F|  |TAMS 0x0000000716800000| PB 0x0000000716800000| Untracked 
|  85|0x0000000716a00000, 0x0000000716a00000, 0x0000000716c00000|  0%| F|  |TAMS 0x0000000716a00000| PB 0x0000000716a00000| Untracked 
|  86|0x0000000716c00000, 0x0000000716c00000, 0x0000000716e00000|  0%| F|  |TAMS 0x0000000716c00000| PB 0x0000000716c00000| Untracked 
|  87|0x0000000716e00000, 0x0000000716e00000, 0x0000000717000000|  0%| F|  |TAMS 0x0000000716e00000| PB 0x0000000716e00000| Untracked 
|  88|0x0000000717000000, 0x0000000717000000, 0x0000000717200000|  0%| F|  |TAMS 0x0000000717000000| PB 0x0000000717000000| Untracked 
|  89|0x0000000717200000, 0x0000000717200000, 0x0000000717400000|  0%| F|  |TAMS 0x0000000717200000| PB 0x0000000717200000| Untracked 
|  90|0x0000000717400000, 0x0000000717400000, 0x0000000717600000|  0%| F|  |TAMS 0x0000000717400000| PB 0x0000000717400000| Untracked 
|  91|0x0000000717600000, 0x0000000717600000, 0x0000000717800000|  0%| F|  |TAMS 0x0000000717600000| PB 0x0000000717600000| Untracked 
|  92|0x0000000717800000, 0x0000000717800000, 0x0000000717a00000|  0%| F|  |TAMS 0x0000000717800000| PB 0x0000000717800000| Untracked 
|  93|0x0000000717a00000, 0x0000000717a00000, 0x0000000717c00000|  0%| F|  |TAMS 0x0000000717a00000| PB 0x0000000717a00000| Untracked 
|  94|0x0000000717c00000, 0x0000000717c00000, 0x0000000717e00000|  0%| F|  |TAMS 0x0000000717c00000| PB 0x0000000717c00000| Untracked 
|  95|0x0000000717e00000, 0x0000000717e00000, 0x0000000718000000|  0%| F|  |TAMS 0x0000000717e00000| PB 0x0000000717e00000| Untracked 
|  96|0x0000000718000000, 0x0000000718000000, 0x0000000718200000|  0%| F|  |TAMS 0x0000000718000000| PB 0x0000000718000000| Untracked 
|  97|0x0000000718200000, 0x0000000718200000, 0x0000000718400000|  0%| F|  |TAMS 0x0000000718200000| PB 0x0000000718200000| Untracked 
|  98|0x0000000718400000, 0x0000000718400000, 0x0000000718600000|  0%| F|  |TAMS 0x0000000718400000| PB 0x0000000718400000| Untracked 
|  99|0x0000000718600000, 0x0000000718600000, 0x0000000718800000|  0%| F|  |TAMS 0x0000000718600000| PB 0x0000000718600000| Untracked 
| 100|0x0000000718800000, 0x0000000718800000, 0x0000000718a00000|  0%| F|  |TAMS 0x0000000718800000| PB 0x0000000718800000| Untracked 
| 101|0x0000000718a00000, 0x0000000718a00000, 0x0000000718c00000|  0%| F|  |TAMS 0x0000000718a00000| PB 0x0000000718a00000| Untracked 
| 102|0x0000000718c00000, 0x0000000718c00000, 0x0000000718e00000|  0%| F|  |TAMS 0x0000000718c00000| PB 0x0000000718c00000| Untracked 
| 103|0x0000000718e00000, 0x0000000718e00000, 0x0000000719000000|  0%| F|  |TAMS 0x0000000718e00000| PB 0x0000000718e00000| Untracked 
| 104|0x0000000719000000, 0x0000000719000000, 0x0000000719200000|  0%| F|  |TAMS 0x0000000719000000| PB 0x0000000719000000| Untracked 
| 105|0x0000000719200000, 0x0000000719200000, 0x0000000719400000|  0%| F|  |TAMS 0x0000000719200000| PB 0x0000000719200000| Untracked 
| 106|0x0000000719400000, 0x0000000719400000, 0x0000000719600000|  0%| F|  |TAMS 0x0000000719400000| PB 0x0000000719400000| Untracked 
| 107|0x0000000719600000, 0x0000000719600000, 0x0000000719800000|  0%| F|  |TAMS 0x0000000719600000| PB 0x0000000719600000| Untracked 
| 108|0x0000000719800000, 0x0000000719800000, 0x0000000719a00000|  0%| F|  |TAMS 0x0000000719800000| PB 0x0000000719800000| Untracked 
| 109|0x0000000719a00000, 0x0000000719a00000, 0x0000000719c00000|  0%| F|  |TAMS 0x0000000719a00000| PB 0x0000000719a00000| Untracked 
| 110|0x0000000719c00000, 0x0000000719c00000, 0x0000000719e00000|  0%| F|  |TAMS 0x0000000719c00000| PB 0x0000000719c00000| Untracked 
| 111|0x0000000719e00000, 0x0000000719e00000, 0x000000071a000000|  0%| F|  |TAMS 0x0000000719e00000| PB 0x0000000719e00000| Untracked 
| 112|0x000000071a000000, 0x000000071a000000, 0x000000071a200000|  0%| F|  |TAMS 0x000000071a000000| PB 0x000000071a000000| Untracked 
| 113|0x000000071a200000, 0x000000071a200000, 0x000000071a400000|  0%| F|  |TAMS 0x000000071a200000| PB 0x000000071a200000| Untracked 
| 114|0x000000071a400000, 0x000000071a400000, 0x000000071a600000|  0%| F|  |TAMS 0x000000071a400000| PB 0x000000071a400000| Untracked 
| 115|0x000000071a600000, 0x000000071a600000, 0x000000071a800000|  0%| F|  |TAMS 0x000000071a600000| PB 0x000000071a600000| Untracked 
| 116|0x000000071a800000, 0x000000071a800000, 0x000000071aa00000|  0%| F|  |TAMS 0x000000071a800000| PB 0x000000071a800000| Untracked 
| 117|0x000000071aa00000, 0x000000071aa00000, 0x000000071ac00000|  0%| F|  |TAMS 0x000000071aa00000| PB 0x000000071aa00000| Untracked 
| 118|0x000000071ac00000, 0x000000071ad33d18, 0x000000071ae00000| 60%| E|  |TAMS 0x000000071ac00000| PB 0x000000071ac00000| Complete 
| 119|0x000000071ae00000, 0x000000071b000000, 0x000000071b000000|100%| E|CS|TAMS 0x000000071ae00000| PB 0x000000071ae00000| Complete 
| 120|0x000000071b000000, 0x000000071b200000, 0x000000071b200000|100%| E|CS|TAMS 0x000000071b000000| PB 0x000000071b000000| Complete 
| 121|0x000000071b200000, 0x000000071b400000, 0x000000071b400000|100%| E|CS|TAMS 0x000000071b200000| PB 0x000000071b200000| Complete 

Card table byte_map: [0x000002019a830000,0x000002019afd0000] _byte_map_base: 0x0000020196fd0000

Marking Bits: (CMBitMap*) 0x0000020182b87f80
 Bits: [0x000002019afd0000, 0x000002019ecd0000)

Polling page: 0x00000201822f0000

Metaspace:

Usage:
  Non-class:      5.58 MB used.
      Class:    735.85 KB used.
       Both:      6.30 MB used.

Virtual space:
  Non-class space:       64.00 MB reserved,       5.69 MB (  9%) committed,  1 nodes.
      Class space:        1.00 GB reserved,     768.00 KB ( <1%) committed,  1 nodes.
             Both:        1.06 GB reserved,       6.44 MB ( <1%) committed. 

Chunk freelists:
   Non-Class:  10.12 MB
       Class:  15.25 MB
        Both:  25.37 MB

MaxMetaspaceSize: unlimited
CompressedClassSpaceSize: 1.00 GB
Initial GC threshold: 21.00 MB
Current GC threshold: 21.00 MB
CDS: on
 - commit_granule_bytes: 65536.
 - commit_granule_words: 8192.
 - virtual_space_node_default_size: 8388608.
 - enlarge_chunks_in_place: 1.
 - use_allocation_guard: 0.


Internal statistics:

num_allocs_failed_limit: 0.
num_arena_births: 114.
num_arena_deaths: 0.
num_vsnodes_births: 2.
num_vsnodes_deaths: 0.
num_space_committed: 103.
num_space_uncommitted: 0.
num_chunks_returned_to_freelist: 0.
num_chunks_taken_from_freelist: 133.
num_chunk_merges: 0.
num_chunk_splits: 85.
num_chunks_enlarged: 42.
num_inconsistent_stats: 0.

CodeHeap 'non-profiled nmethods': size=120000Kb used=171Kb max_used=171Kb free=119828Kb
 bounds [0x0000020192a50000, 0x0000020192cc0000, 0x0000020199f80000]
CodeHeap 'profiled nmethods': size=120000Kb used=847Kb max_used=847Kb free=119152Kb
 bounds [0x000002018af80000, 0x000002018b1f0000, 0x00000201924b0000]
CodeHeap 'non-nmethods': size=5760Kb used=1453Kb max_used=1453Kb free=4306Kb
 bounds [0x00000201924b0000, 0x0000020192720000, 0x0000020192a50000]
 total_blobs=1124 nmethods=585 adapters=444
 compilation: enabled
              stopped_count=0, restarted_count=0
 full_count=0

Compilation events (20 events):
Event: 0.367 Thread 0x00000201a14d10a0 nmethod 575 0x0000020192a7a790 code [0x0000020192a7a920, 0x0000020192a7a9e8]
Event: 0.367 Thread 0x00000201a14d10a0  576   !   3       sun.awt.AppContext::get (123 bytes)
Event: 0.367 Thread 0x00000201a14d10a0 nmethod 576 0x000002018b04f210 code [0x000002018b04f440, 0x000002018b04ff20]
Event: 0.370 Thread 0x00000201a14d10a0  578       3       java.lang.invoke.MethodHandleNatives::refKindHasReceiver (33 bytes)
Event: 0.370 Thread 0x00000201a14d10a0 nmethod 578 0x000002018b050290 code [0x000002018b050420, 0x000002018b050580]
Event: 0.370 Thread 0x00000201a14d10a0  581       3       java.lang.invoke.LambdaFormEditor::getInCache (165 bytes)
Event: 0.371 Thread 0x00000201a14d10a0 nmethod 581 0x000002018b050610 code [0x000002018b0508a0, 0x000002018b0517b8]
Event: 0.371 Thread 0x00000201a14d10a0  579       3       java.lang.invoke.LambdaFormEditor$TransformKey::inRange (36 bytes)
Event: 0.371 Thread 0x00000201a14d10a0 nmethod 579 0x000002018b051b90 code [0x000002018b051d20, 0x000002018b051e80]
Event: 0.371 Thread 0x00000201a14d10a0  580       3       java.lang.invoke.LambdaFormEditor$TransformKey::<init> (15 bytes)
Event: 0.371 Thread 0x00000201a14d10a0 nmethod 580 0x000002018b051f10 code [0x000002018b0520c0, 0x000002018b052258]
Event: 0.445 Thread 0x00000201a14d10a0  582       3       java.util.concurrent.ConcurrentHashMap$ValueIterator::next (34 bytes)
Event: 0.445 Thread 0x00000201a14d10a0 nmethod 582 0x000002018b052310 code [0x000002018b0524e0, 0x000002018b052760]
Event: 0.446 Thread 0x00000201a14d10a0  583       3       java.lang.CharacterData::of (136 bytes)
Event: 0.447 Thread 0x00000201a14d10a0 nmethod 583 0x000002018b052890 code [0x000002018b052ae0, 0x000002018b053468]
Event: 0.447 Thread 0x00000201a14d10a0  584       3       java.lang.Character::charCount (12 bytes)
Event: 0.447 Thread 0x00000201a14d10a0 nmethod 584 0x000002018b053690 code [0x000002018b053840, 0x000002018b0539b0]
Event: 0.447 Thread 0x00000201a14d10a0  585       3       java.lang.CharacterDataLatin1::getProperties (11 bytes)
Event: 0.447 Thread 0x00000201a14d10a0 nmethod 585 0x000002018b053a10 code [0x000002018b053bc0, 0x000002018b053d08]
Event: 0.447 Thread 0x00000201a14d10a0  586       3       javax.swing.UIDefaults$TextAndMnemonicHashMap::get (358 bytes)

GC Heap History (0 events):
No events

Dll operation events (8 events):
Event: 0.013 Loaded shared library C:\Program Files\Java\jdk-21\bin\java.dll
Event: 0.057 Loaded shared library C:\Program Files\Java\jdk-21\bin\jsvml.dll
Event: 0.102 Loaded shared library C:\Program Files\Java\jdk-21\bin\net.dll
Event: 0.106 Loaded shared library C:\Program Files\Java\jdk-21\bin\nio.dll
Event: 0.153 Loaded shared library C:\Program Files\Java\jdk-21\bin\jimage.dll
Event: 0.171 Loaded shared library C:\Program Files\Java\jdk-21\bin\awt.dll
Event: 0.304 Loaded shared library C:\Program Files\Java\jdk-21\bin\freetype.dll
Event: 0.305 Loaded shared library C:\Program Files\Java\jdk-21\bin\fontmanager.dll

Deoptimization events (4 events):
Event: 0.258 Thread 0x0000020182b295c0 Uncommon trap: trap_request=0xffffff45 fr.pc=0x0000020192a5fadc relative=0x0000000000000b7c
Event: 0.258 Thread 0x0000020182b295c0 Uncommon trap: reason=unstable_if action=reinterpret pc=0x0000020192a5fadc method=java.util.HashMap.putVal(ILjava/lang/Object;Ljava/lang/Object;ZZ)Ljava/lang/Object; @ 81 c2
Event: 0.258 Thread 0x0000020182b295c0 DEOPT PACKING pc=0x0000020192a5fadc sp=0x0000005f08cfe5a0
Event: 0.258 Thread 0x0000020182b295c0 DEOPT UNPACKING pc=0x00000201925046a2 sp=0x0000005f08cfe550 mode 2

Classes loaded (20 events):
Event: 0.447 Loading class java/text/ParseException done
Event: 0.448 Loading class javax/swing/plaf/synth/SynthPanelUI
Event: 0.448 Loading class javax/swing/plaf/synth/SynthUI
Event: 0.448 Loading class javax/swing/plaf/synth/SynthConstants
Event: 0.448 Loading class javax/swing/plaf/synth/SynthConstants done
Event: 0.448 Loading class javax/swing/plaf/synth/SynthUI done
Event: 0.448 Loading class javax/swing/plaf/basic/BasicPanelUI
Event: 0.448 Loading class javax/swing/plaf/PanelUI
Event: 0.448 Loading class javax/swing/plaf/PanelUI done
Event: 0.448 Loading class javax/swing/plaf/basic/BasicPanelUI done
Event: 0.448 Loading class javax/swing/plaf/synth/SynthPanelUI done
Event: 0.448 Loading class javax/swing/plaf/synth/SynthContext
Event: 0.448 Loading class javax/swing/plaf/synth/SynthContext done
Event: 0.448 Loading class javax/swing/plaf/nimbus/NimbusStyle
Event: 0.449 Loading class javax/swing/plaf/nimbus/NimbusStyle done
Event: 0.449 Loading class javax/swing/plaf/nimbus/NimbusStyle$1
Event: 0.449 Loading class javax/swing/plaf/nimbus/NimbusStyle$1 done
Event: 0.449 Loading class javax/swing/plaf/nimbus/NimbusStyle$CacheKey
Event: 0.449 Loading class javax/swing/plaf/nimbus/NimbusStyle$CacheKey done
Event: 0.449 Loading class javax/swing/plaf/nimbus/SynthPainterImpl

Classes unloaded (0 events):
No events

Classes redefined (0 events):
No events

Internal exceptions (20 events):
Event: 0.347 Thread 0x0000020182b295c0 Exception <a 'java/lang/ClassNotFoundException'{0x000000071ac10d48}: PasswordField> (0x000000071ac10d48) 
thrown [s\open\src\hotspot\share\classfile\systemDictionary.cpp, line 312]
Event: 0.347 Thread 0x0000020182b295c0 Exception <a 'java/lang/ClassNotFoundException'{0x000000071ac11290}: TextArea> (0x000000071ac11290) 
thrown [s\open\src\hotspot\share\classfile\systemDictionary.cpp, line 312]
Event: 0.348 Thread 0x0000020182b295c0 Exception <a 'java/lang/ClassNotFoundException'{0x000000071ac11bb0}: TextPane> (0x000000071ac11bb0) 
thrown [s\open\src\hotspot\share\classfile\systemDictionary.cpp, line 312]
Event: 0.348 Thread 0x0000020182b295c0 Exception <a 'java/lang/ClassNotFoundException'{0x000000071ac12018}: EditorPane> (0x000000071ac12018) 
thrown [s\open\src\hotspot\share\classfile\systemDictionary.cpp, line 312]
Event: 0.348 Thread 0x0000020182b295c0 Exception <a 'java/lang/ClassNotFoundException'{0x000000071ac12968}: ToolBar> (0x000000071ac12968) 
thrown [s\open\src\hotspot\share\classfile\systemDictionary.cpp, line 312]
Event: 0.348 Thread 0x0000020182b295c0 Exception <a 'java/lang/ClassNotFoundException'{0x000000071ac12e60}: ToolBar> (0x000000071ac12e60) 
thrown [s\open\src\hotspot\share\classfile\systemDictionary.cpp, line 312]
Event: 0.348 Thread 0x0000020182b295c0 Exception <a 'java/lang/ClassNotFoundException'{0x000000071ac131c0}: Button> (0x000000071ac131c0) 
thrown [s\open\src\hotspot\share\classfile\systemDictionary.cpp, line 312]
Event: 0.348 Thread 0x0000020182b295c0 Exception <a 'java/lang/ClassNotFoundException'{0x000000071ac13688}: ToolBar> (0x000000071ac13688) 
thrown [s\open\src\hotspot\share\classfile\systemDictionary.cpp, line 312]
Event: 0.348 Thread 0x0000020182b295c0 Exception <a 'java/lang/ClassNotFoundException'{0x000000071ac139f8}: ToggleButton> (0x000000071ac139f8) 
thrown [s\open\src\hotspot\share\classfile\systemDictionary.cpp, line 312]
Event: 0.348 Thread 0x0000020182b295c0 Exception <a 'java/lang/ClassNotFoundException'{0x000000071ac13e38}: javax/swing/JToolBarSeparator> (0x000000071ac13e38) 
thrown [s\open\src\hotspot\share\classfile\systemDictionary.cpp, line 312]
Event: 0.348 Thread 0x0000020182b295c0 Exception <a 'java/lang/ClassNotFoundException'{0x000000071ac14148}: ToolBarSeparator> (0x000000071ac14148) 
thrown [s\open\src\hotspot\share\classfile\systemDictionary.cpp, line 312]
Event: 0.349 Thread 0x0000020182b295c0 Exception <a 'java/lang/ClassNotFoundException'{0x000000071ac14650}: ToolTip> (0x000000071ac14650) 
thrown [s\open\src\hotspot\share\classfile\systemDictionary.cpp, line 312]
Event: 0.350 Thread 0x0000020182b295c0 Exception <a 'java/lang/ClassNotFoundException'{0x000000071ac14f90}: Tree> (0x000000071ac14f90) 
thrown [s\open\src\hotspot\share\classfile\systemDictionary.cpp, line 312]
Event: 0.350 Thread 0x0000020182b295c0 Exception <a 'java/lang/ClassNotFoundException'{0x000000071ac15488}: Tree> (0x000000071ac15488) 
thrown [s\open\src\hotspot\share\classfile\systemDictionary.cpp, line 312]
Event: 0.350 Thread 0x0000020182b295c0 Exception <a 'java/lang/ClassNotFoundException'{0x000000071ac157f8}: javax/swing/JTreeCell> (0x000000071ac157f8) 
thrown [s\open\src\hotspot\share\classfile\systemDictionary.cpp, line 312]
Event: 0.350 Thread 0x0000020182b295c0 Exception <a 'java/lang/ClassNotFoundException'{0x000000071ac15b00}: TreeCell> (0x000000071ac15b00) 
thrown [s\open\src\hotspot\share\classfile\systemDictionary.cpp, line 312]
Event: 0.351 Thread 0x0000020182b295c0 Exception <a 'java/lang/ClassNotFoundException'{0x000000071ac162a8}: RootPane> (0x000000071ac162a8) 
thrown [s\open\src\hotspot\share\classfile\systemDictionary.cpp, line 312]
Event: 0.355 Thread 0x0000020182b295c0 Exception <a 'java/lang/ClassNotFoundException'{0x000000071ac19038}: com/sun/swing/internal/plaf/metal/resources/spi/metalProvider> (0x000000071ac19038) 
thrown [s\open\src\hotspot\share\classfile\systemDictionary.cpp, line 312]
Event: 0.356 Thread 0x0000020182b295c0 Exception <a 'java/lang/ClassNotFoundException'{0x000000071ac1cce8}: com/sun/swing/internal/plaf/basic/resources/spi/basicProvider> (0x000000071ac1cce8) 
thrown [s\open\src\hotspot\share\classfile\systemDictionary.cpp, line 312]
Event: 0.446 Thread 0x00000201a1a209f0 Exception <a 'java/lang/ClassNotFoundException'{0x000000071ac7b438}: com/sun/swing/internal/plaf/synth/resources/spi/synthProvider> (0x000000071ac7b438) 
thrown [s\open\src\hotspot\share\classfile\systemDictionary.cpp, line 312]

ZGC Phase Switch (0 events):
No events

VM Operations (2 events):
Event: 0.125 Executing VM operation: HandshakeAllThreads (Deoptimize)
Event: 0.125 Executing VM operation: HandshakeAllThreads (Deoptimize) done

Events (17 events):
Event: 0.031 Thread 0x0000020182b295c0 Thread added: 0x0000020182b295c0
Event: 0.051 Thread 0x00000201a14ca050 Thread added: 0x00000201a14ca050
Event: 0.051 Thread 0x00000201a14cad70 Thread added: 0x00000201a14cad70
Event: 0.051 Thread 0x00000201a14cc940 Thread added: 0x00000201a14cc940
Event: 0.052 Thread 0x00000201a14cd3a0 Thread added: 0x00000201a14cd3a0
Event: 0.052 Thread 0x00000201a14cde00 Thread added: 0x00000201a14cde00
Event: 0.052 Thread 0x00000201a14cf870 Thread added: 0x00000201a14cf870
Event: 0.052 Thread 0x00000201a14d0600 Thread added: 0x00000201a14d0600
Event: 0.053 Thread 0x00000201a14d10a0 Thread added: 0x00000201a14d10a0
Event: 0.087 Thread 0x00000201a148fb70 Thread added: 0x00000201a148fb70
Event: 0.136 Thread 0x00000201a17836f0 Thread added: 0x00000201a17836f0
Event: 0.228 Thread 0x00000201a193e2d0 Thread added: 0x00000201a193e2d0
Event: 0.230 Thread 0x00000201a193e940 Thread added: 0x00000201a193e940
Event: 0.231 Thread 0x00000201a193f240 Thread added: 0x00000201a193f240
Event: 0.368 Thread 0x00000201a1a209f0 Thread added: 0x00000201a1a209f0
Event: 0.368 Thread 0x0000020182b295c0 Thread exited: 0x0000020182b295c0
Event: 0.368 Thread 0x0000020182b295c0 Thread added: 0x0000020182b295c0


Dynamic libraries:
0x00007ff7546c0000 - 0x00007ff7546d0000 	C:\Program Files\Java\jdk-21\bin\java.exe
0x00007ff9d8ff0000 - 0x00007ff9d9207000 	C:\WINDOWS\SYSTEM32\ntdll.dll
0x00007ff9d8270000 - 0x00007ff9d8334000 	C:\WINDOWS\System32\KERNEL32.DLL
0x00007ff9d6400000 - 0x00007ff9d67a6000 	C:\WINDOWS\System32\KERNELBASE.dll
0x00007ff9d69c0000 - 0x00007ff9d6ad1000 	C:\WINDOWS\System32\ucrtbase.dll
0x00007ff9d4ce0000 - 0x00007ff9d4cf9000 	C:\Program Files\Java\jdk-21\bin\jli.dll
0x00007ff9a5d20000 - 0x00007ff9a5d3b000 	C:\Program Files\Java\jdk-21\bin\VCRUNTIME140.dll
0x00007ff9d8ef0000 - 0x00007ff9d8fa3000 	C:\WINDOWS\System32\ADVAPI32.dll
0x00007ff9d8d00000 - 0x00007ff9d8da7000 	C:\WINDOWS\System32\msvcrt.dll
0x00007ff9d81c0000 - 0x00007ff9d8268000 	C:\WINDOWS\System32\sechost.dll
0x00007ff9d63d0000 - 0x00007ff9d63f8000 	C:\WINDOWS\System32\bcrypt.dll
0x00007ff9d8dd0000 - 0x00007ff9d8ee7000 	C:\WINDOWS\System32\RPCRT4.dll
0x00007ff9d8010000 - 0x00007ff9d81be000 	C:\WINDOWS\System32\USER32.dll
0x00007ff9d5680000 - 0x00007ff9d5913000 	C:\WINDOWS\WinSxS\amd64_microsoft.windows.common-controls_6595b64144ccf1df_6.0.22621.2506_none_270c5ae97388e100\COMCTL32.dll
0x00007ff9d6c50000 - 0x00007ff9d6c76000 	C:\WINDOWS\System32\win32u.dll
0x00007ff9d8340000 - 0x00007ff9d8369000 	C:\WINDOWS\System32\GDI32.dll
0x00007ff9d67b0000 - 0x00007ff9d68c8000 	C:\WINDOWS\System32\gdi32full.dll
0x00007ff9d6330000 - 0x00007ff9d63ca000 	C:\WINDOWS\System32\msvcp_win.dll
0x00007ff9d4c20000 - 0x00007ff9d4c2a000 	C:\WINDOWS\SYSTEM32\VERSION.dll
0x00007ff9d8560000 - 0x00007ff9d8591000 	C:\WINDOWS\System32\IMM32.DLL
0x00007ff9b6f80000 - 0x00007ff9b6f8c000 	C:\Program Files\Java\jdk-21\bin\vcruntime140_1.dll
0x00007ff966280000 - 0x00007ff96630e000 	C:\Program Files\Java\jdk-21\bin\msvcp140.dll
0x00007ff91c260000 - 0x00007ff91cf75000 	C:\Program Files\Java\jdk-21\bin\server\jvm.dll
0x00007ff9d7d30000 - 0x00007ff9d7da1000 	C:\WINDOWS\System32\WS2_32.dll
0x00007ff9d5c50000 - 0x00007ff9d5c9d000 	C:\WINDOWS\SYSTEM32\POWRPROF.dll
0x00007ff9cd1e0000 - 0x00007ff9cd214000 	C:\WINDOWS\SYSTEM32\WINMM.dll
0x00007ff9d5b00000 - 0x00007ff9d5b13000 	C:\WINDOWS\SYSTEM32\UMPDC.dll
0x00007ff9d4480000 - 0x00007ff9d4498000 	C:\WINDOWS\SYSTEM32\kernel.appcore.dll
0x00007ff9b67c0000 - 0x00007ff9b67ca000 	C:\Program Files\Java\jdk-21\bin\jimage.dll
0x00007ff9d5ca0000 - 0x00007ff9d5ed3000 	C:\WINDOWS\SYSTEM32\DBGHELP.DLL
0x00007ff9d6dc0000 - 0x00007ff9d7149000 	C:\WINDOWS\System32\combase.dll
0x00007ff9d8380000 - 0x00007ff9d8457000 	C:\WINDOWS\System32\OLEAUT32.dll
0x00007ff9d5b20000 - 0x00007ff9d5b52000 	C:\WINDOWS\SYSTEM32\dbgcore.DLL
0x00007ff9d6940000 - 0x00007ff9d69ba000 	C:\WINDOWS\System32\bcryptPrimitives.dll
0x00007ff9a0350000 - 0x00007ff9a036f000 	C:\Program Files\Java\jdk-21\bin\java.dll
0x00007ff9d7330000 - 0x00007ff9d7b8b000 	C:\WINDOWS\System32\SHELL32.dll
0x00007ff9d3330000 - 0x00007ff9d3c26000 	C:\WINDOWS\SYSTEM32\windows.storage.dll
0x00007ff9d31f0000 - 0x00007ff9d332e000 	C:\WINDOWS\SYSTEM32\wintypes.dll
0x00007ff9d71b0000 - 0x00007ff9d72a3000 	C:\WINDOWS\System32\SHCORE.dll
0x00007ff9d8a20000 - 0x00007ff9d8a7e000 	C:\WINDOWS\System32\shlwapi.dll
0x00007ff9d6260000 - 0x00007ff9d6286000 	C:\WINDOWS\SYSTEM32\profapi.dll
0x00007ff9651d0000 - 0x00007ff9652a7000 	C:\Program Files\Java\jdk-21\bin\jsvml.dll
0x00007ff9aac60000 - 0x00007ff9aac70000 	C:\Program Files\Java\jdk-21\bin\net.dll
0x00007ff9ce5f0000 - 0x00007ff9ce727000 	C:\WINDOWS\SYSTEM32\WINHTTP.dll
0x00007ff9d4860000 - 0x00007ff9d48c9000 	C:\WINDOWS\system32\mswsock.dll
0x00007ff9753b0000 - 0x00007ff9753c6000 	C:\Program Files\Java\jdk-21\bin\nio.dll
0x00007ff965610000 - 0x00007ff96579f000 	C:\Program Files\Java\jdk-21\bin\awt.dll
0x00007ff9d52a0000 - 0x00007ff9d5337000 	C:\WINDOWS\SYSTEM32\apphelp.dll
0x00007ff9d1d20000 - 0x00007ff9d1dcb000 	C:\WINDOWS\system32\uxtheme.dll
0x00007ff9d8a90000 - 0x00007ff9d8be1000 	C:\WINDOWS\System32\MSCTF.dll
0x00007ff9d7b90000 - 0x00007ff9d7d30000 	C:\WINDOWS\System32\ole32.dll
0x00007ff9d1ea0000 - 0x00007ff9d1ecb000 	C:\WINDOWS\system32\DWMAPI.DLL
0x00007ff9652e0000 - 0x00007ff965367000 	C:\Program Files\Java\jdk-21\bin\freetype.dll
0x00007ff964ea0000 - 0x00007ff964f73000 	C:\Program Files\Java\jdk-21\bin\fontmanager.dll
0x00007ff92b080000 - 0x00007ff92b180000 	C:\WINDOWS\system32\opengl32.dll
0x00007ff92aaf0000 - 0x00007ff92ab1d000 	C:\WINDOWS\SYSTEM32\GLU32.dll
0x00007ff9d2310000 - 0x00007ff9d2349000 	C:\WINDOWS\SYSTEM32\dxcore.dll
0x00007ff9d2f60000 - 0x00007ff9d3058000 	C:\WINDOWS\SYSTEM32\dxgi.dll
0x00007ff9c73e0000 - 0x00007ff9c7412000 	C:\WINDOWS\SYSTEM32\cryptnet.dll
0x00007ff9d6ae0000 - 0x00007ff9d6c46000 	C:\WINDOWS\System32\CRYPT32.dll

dbghelp: loaded successfully - version: 4.0.5 - missing functions: none
symbol engine: initialized successfully - sym options: 0x614 - pdb path: .;C:\Program Files\Java\jdk-21\bin;C:\WINDOWS\SYSTEM32;C:\WINDOWS\WinSxS\amd64_microsoft.windows.common-controls_6595b64144ccf1df_6.0.22621.2506_none_270c5ae97388e100;C:\Program Files\Java\jdk-21\bin\server

VM Arguments:
jvm_args: -Dfile.encoding=UTF-8 --module-path=C:\Users\svari\OneDrive\Documents\NetBeansProjects\Week 2 - SRamirez LandscapingGUI\build\classes 
java_command: LandscapeGUI
java_class_path (initial): C:\Users\svari\OneDrive\Documents\NetBeansProjects\Week 2 - SRamirez LandscapingGUI\build\classes
Launcher Type: SUN_STANDARD

[Global flags]
     intx CICompilerCount                          = 3                                         {product} {ergonomic}
     uint ConcGCThreads                            = 2                                         {product} {ergonomic}
     uint G1ConcRefinementThreads                  = 6                                         {product} {ergonomic}
   size_t G1HeapRegionSize                         = 2097152                                   {product} {ergonomic}
    uintx GCDrainStackTargetSize                   = 64                                        {product} {ergonomic}
   size_t InitialHeapSize                          = 255852544                                 {product} {ergonomic}
   size_t MarkStackSize                            = 4194304                                   {product} {ergonomic}
   size_t MaxHeapSize                              = 4093640704                                {product} {ergonomic}
   size_t MaxNewSize                               = 2455764992                                {product} {ergonomic}
   size_t MinHeapDeltaBytes                        = 2097152                                   {product} {ergonomic}
   size_t MinHeapSize                              = 8388608                                   {product} {ergonomic}
    uintx NonNMethodCodeHeapSize                   = 5832780                                {pd product} {ergonomic}
    uintx NonProfiledCodeHeapSize                  = 122912730                              {pd product} {ergonomic}
    uintx ProfiledCodeHeapSize                     = 122912730                              {pd product} {ergonomic}
    uintx ReservedCodeCacheSize                    = 251658240                              {pd product} {ergonomic}
     bool SegmentedCodeCache                       = true                                      {product} {ergonomic}
   size_t SoftMaxHeapSize                          = 4093640704                             {manageable} {ergonomic}
     bool UseCompressedOops                        = true                           {product lp64_product} {ergonomic}
     bool UseG1GC                                  = true                                      {product} {ergonomic}
     bool UseLargePagesIndividualAllocation        = false                                  {pd product} {ergonomic}

Logging:
Log output configuration:
 #0: stdout all=warning uptime,level,tags foldmultilines=false
 #1: stderr all=off uptime,level,tags foldmultilines=false

Environment Variables:
PATH=C:\Program Files\Common Files\Oracle\Java\javapath;C:\Program Files\Microsoft\jdk-11.0.16.101-hotspot\bin;C:\Windows\system32;C:\Windows;C:\Windows\System32\Wbem;C:\Windows\System32\WindowsPowerShell\v1.0\;C:\Windows\System32\OpenSSH\;C:\Program Files (x86)\NVIDIA Corporation\PhysX\Common;C:\Program Files\NVIDIA Corporation\NVIDIA NvDLISR;C:\Program Files (x86)\PuTTY\;C:\Program Files\dotnet\;C:\WINDOWS\system32;C:\WINDOWS;C:\WINDOWS\System32\Wbem;C:\WINDOWS\System32\WindowsPowerShell\v1.0\;C:\WINDOWS\System32\OpenSSH\;C:\Program Files\Azure Data Studio\bin;C:\Program Files\Microsoft SQL Server\Client SDK\ODBC\170\Tools\Binn\;C:\Program Files\Git\cmd;C:\Program Files\Microsoft SQL Server\150\Tools\Binn\;C:\Program Files\PowerShell\7\;C:\Program Files\MySQL\MySQL Shell 8.0\bin\;C:\Users\svari\AppData\Local\Microsoft\WindowsApps;C:\Users\svari\AppData\Local\GitHubDesktop\bin;C:\Program Files\Azure Data Studio\bin;C:\Users\svari\.dotnet\tools;C:\Program Files\Java\jdk-21\bin;
USERNAME=svari
OS=Windows_NT
PROCESSOR_IDENTIFIER=AMD64 Family 25 Model 68 Stepping 1, AuthenticAMD
TMP=C:\Users\svari\AppData\Local\Temp
TEMP=C:\Users\svari\AppData\Local\Temp




Periodic native trim disabled

---------------  S Y S T E M  ---------------

OS:
 Windows 11 , 64 bit Build 22621 (10.0.22621.3085)
OS uptime: 1 days 6:15 hours
Hyper-V role detected

CPU: total 6 (initial active 6) (16 cores per cpu, 2 threads per core) family 25 model 68 stepping 1 microcode 0x0, cx8, cmov, fxsr, ht, mmx, 3dnowpref, sse, sse2, sse3, ssse3, sse4a, sse4.1, sse4.2, popcnt, lzcnt, tsc, tscinvbit, avx, avx2, aes, clmul, bmi1, bmi2, adx, sha, fma, vzeroupper, clflush, clflushopt, hv, rdtscp, rdpid, f16c, cet_ss
Processor Information for all 6 processors :
  Max Mhz: 3201, Current Mhz: 3201, Mhz Limit: 3201

Memory: 4k page, system-wide physical 15613M (5158M free)
TotalPageFile size 31613M (AvailPageFile size 0M)
current process WorkingSet (physical memory assigned to process): 56M, peak: 58M
current process commit charge ("private bytes"): 334M, peak: 335M

vm_info: Java HotSpot(TM) 64-Bit Server VM (21.0.1+12-LTS-29) for windows-amd64 JRE (21.0.1+12-LTS-29), built on 2023-10-05T13:27:09Z by "mach5one" with MS VC++ 17.1 (VS2022)

END.
